2025-07-17 19:02:02 [INFO]: MongoDB Connected.
2025-07-17 19:03:06 [INFO]: undefined :  5000
2025-07-17 19:03:06 [INFO]: MongoDB Connected.
2025-07-17 19:03:46 [INFO]: Listening to Port. :  5000
2025-07-17 19:03:46 [INFO]: MongoDB Connected.
2025-07-17 19:03:51 [INFO]: Listening to Port. :  5000
2025-07-17 19:03:51 [INFO]: MongoDB Connected.
2025-07-17 19:06:43 [INFO]: Listening to Port. :  5000
2025-07-17 19:06:43 [INFO]: MongoDB Connected.
2025-07-17 19:06:45 [INFO]: Listening to Port. :  5000
2025-07-17 19:06:45 [INFO]: MongoDB Connected.
2025-07-17 19:06:58 [INFO]: Listening to Port. :  5000
2025-07-17 19:06:58 [INFO]: MongoDB Connected.
2025-07-17 19:07:03 [INFO]: Listening to Port. :  5000
2025-07-17 19:07:03 [INFO]: MongoDB Connected.
2025-07-17 19:07:06 [INFO]: Listening to Port. :  5000
2025-07-17 19:07:06 [INFO]: MongoDB Connected.
2025-07-17 19:13:15 [INFO]: Listening to Port. :  5000
2025-07-17 19:13:15 [INFO]: MongoDB Connected.
2025-07-17 19:14:03 [INFO]: Listening to Port. :  5000
2025-07-17 19:14:03 [INFO]: MongoDB Connected.
2025-07-17 19:14:04 [INFO]: Listening to Port. :  5000
2025-07-17 19:14:05 [INFO]: MongoDB Connected.
2025-07-17 19:14:08 [INFO]: Listening to Port. :  5000
2025-07-17 19:14:08 [INFO]: MongoDB Connected.
2025-07-17 19:14:09 [INFO]: Listening to Port. :  5000
2025-07-17 19:14:09 [INFO]: MongoDB Connected.
2025-07-17 19:14:15 [INFO]: Listening to Port. :  5000
2025-07-17 19:14:15 [INFO]: MongoDB Connected.
2025-07-17 19:14:18 [INFO]: Listening to Port. :  5000
2025-07-17 19:14:18 [INFO]: MongoDB Connected.
2025-07-17 19:14:21 [INFO]: Listening to Port. :  5000
2025-07-17 19:14:21 [INFO]: MongoDB Connected.
2025-07-17 19:14:26 [INFO]: Listening to Port. :  5000
2025-07-17 19:14:26 [INFO]: MongoDB Connected.
2025-07-17 19:14:28 [INFO]: Listening to Port. :  5000
2025-07-17 19:14:28 [INFO]: MongoDB Connected.
2025-07-17 19:14:31 [INFO]: Listening to Port. :  5000
2025-07-17 19:14:31 [INFO]: MongoDB Connected.
2025-07-17 19:14:35 [INFO]: Listening to Port. :  5000
2025-07-17 19:14:35 [INFO]: MongoDB Connected.
2025-07-17 19:14:37 [INFO]: Listening to Port. :  5000
2025-07-17 19:14:37 [INFO]: MongoDB Connected.
2025-07-17 19:14:39 [INFO]: Listening to Port. :  5000
2025-07-17 19:14:39 [INFO]: MongoDB Connected.
2025-07-17 19:14:54 [INFO]: Listening to Port. :  5000
2025-07-17 19:14:54 [INFO]: MongoDB Connected.
2025-07-17 19:15:03 [INFO]: Listening to Port. :  5000
2025-07-17 19:15:03 [INFO]: MongoDB Connected.
2025-07-17 19:15:07 [INFO]: Listening to Port. :  5000
2025-07-17 19:15:07 [INFO]: MongoDB Connected.
2025-07-17 19:15:09 [INFO]: Listening to Port. :  5000
2025-07-17 19:15:09 [INFO]: MongoDB Connected.
2025-07-17 19:15:11 [INFO]: Listening to Port. :  5000
2025-07-17 19:15:11 [INFO]: MongoDB Connected.
2025-07-17 19:15:12 [INFO]: Listening to Port. :  5000
2025-07-17 19:15:12 [INFO]: MongoDB Connected.
2025-07-17 19:15:32 [INFO]: Listening to Port. :  5000
2025-07-17 19:15:32 [INFO]: MongoDB Connected.
2025-07-17 19:15:34 [INFO]: Listening to Port. :  5000
2025-07-17 19:15:34 [INFO]: MongoDB Connected.
2025-07-17 19:15:36 [INFO]: Listening to Port. :  5000
2025-07-17 19:15:37 [INFO]: MongoDB Connected.
2025-07-17 19:15:38 [INFO]: Listening to Port. :  5000
2025-07-17 19:15:38 [INFO]: MongoDB Connected.
2025-07-17 19:15:42 [INFO]: Listening to Port. :  5000
2025-07-17 19:15:43 [INFO]: MongoDB Connected.
2025-07-17 19:15:44 [INFO]: Listening to Port. :  5000
2025-07-17 19:15:45 [INFO]: MongoDB Connected.
2025-07-17 19:15:48 [INFO]: Listening to Port. :  5000
2025-07-17 19:15:48 [INFO]: MongoDB Connected.
2025-07-17 19:15:49 [INFO]: Listening to Port. :  5000
2025-07-17 19:15:49 [INFO]: MongoDB Connected.
2025-07-17 19:15:54 [INFO]: Listening to Port. :  5000
2025-07-17 19:15:54 [INFO]: MongoDB Connected.
2025-07-17 19:15:55 [INFO]: Listening to Port. :  5000
2025-07-17 19:15:55 [INFO]: MongoDB Connected.
2025-07-17 19:16:06 [INFO]: Listening to Port. :  5000
2025-07-17 19:16:06 [INFO]: MongoDB Connected.
2025-07-17 19:16:08 [INFO]: Listening to Port. :  5000
2025-07-17 19:16:08 [INFO]: MongoDB Connected.
2025-07-17 19:16:15 [INFO]: Listening to Port. :  5000
2025-07-17 19:16:15 [INFO]: MongoDB Connected.
2025-07-17 19:16:17 [INFO]: Listening to Port. :  5000
2025-07-17 19:16:17 [INFO]: MongoDB Connected.
2025-07-17 19:16:20 [INFO]: Listening to Port. :  5000
2025-07-17 19:16:20 [INFO]: MongoDB Connected.
2025-07-17 19:16:23 [INFO]: Listening to Port. :  5000
2025-07-17 19:16:23 [INFO]: MongoDB Connected.
2025-07-17 19:16:25 [INFO]: Listening to Port. :  5000
2025-07-17 19:16:25 [INFO]: MongoDB Connected.
2025-07-17 19:16:30 [INFO]: Listening to Port. :  5000
2025-07-17 19:16:30 [INFO]: MongoDB Connected.
2025-07-17 19:16:36 [INFO]: Listening to Port. :  5000
2025-07-17 19:16:36 [INFO]: MongoDB Connected.
2025-07-17 19:16:39 [INFO]: Listening to Port. :  5000
2025-07-17 19:16:39 [INFO]: MongoDB Connected.
2025-07-17 19:17:01 [INFO]: Listening to Port. :  5000
2025-07-17 19:17:01 [INFO]: MongoDB Connected.
2025-07-17 19:17:04 [INFO]: Listening to Port. :  5000
2025-07-17 19:17:04 [INFO]: MongoDB Connected.
2025-07-17 19:17:06 [INFO]: Listening to Port. :  5000
2025-07-17 19:17:06 [INFO]: MongoDB Connected.
2025-07-17 19:17:12 [INFO]: Listening to Port. :  5000
2025-07-17 19:17:12 [INFO]: MongoDB Connected.
2025-07-17 19:17:42 [INFO]: Listening to Port. :  5000
2025-07-17 19:17:42 [INFO]: MongoDB Connected.
2025-07-17 19:17:46 [INFO]: Listening to Port. :  5000
2025-07-17 19:17:46 [INFO]: MongoDB Connected.
2025-07-17 19:17:50 [INFO]: Listening to Port. :  5000
2025-07-17 19:17:50 [INFO]: MongoDB Connected.
2025-07-17 19:17:55 [INFO]: Listening to Port. :  5000
2025-07-17 19:17:55 [INFO]: MongoDB Connected.
2025-07-17 19:18:01 [INFO]: Listening to Port. :  5000
2025-07-17 19:18:01 [INFO]: MongoDB Connected.
2025-07-17 19:18:03 [INFO]: Listening to Port. :  5000
2025-07-17 19:18:03 [INFO]: MongoDB Connected.
2025-07-17 19:18:07 [INFO]: Listening to Port. :  5000
2025-07-17 19:18:07 [INFO]: MongoDB Connected.
2025-07-17 19:18:19 [INFO]: Listening to Port. :  5000
2025-07-17 19:18:19 [INFO]: MongoDB Connected.
2025-07-17 19:18:32 [INFO]: Listening to Port. :  5000
2025-07-17 19:18:32 [INFO]: MongoDB Connected.
2025-07-17 19:21:46 [INFO]: Listening to Port. :  5000
2025-07-17 19:21:46 [INFO]: MongoDB Connected.
2025-07-17 19:21:48 [INFO]: Listening to Port. :  5000
2025-07-17 19:21:48 [INFO]: MongoDB Connected.
2025-07-17 19:25:31 [INFO]: Listening to Port. :  5000
2025-07-17 19:25:31 [INFO]: MongoDB Connected.
2025-07-17 19:29:54 [INFO]: Listening to Port. :  5000
2025-07-17 19:29:54 [INFO]: MongoDB Connected.
2025-07-17 19:30:25 [INFO]: Listening to Port. :  5000
2025-07-17 19:30:25 [INFO]: MongoDB Connected.
2025-07-17 19:30:31 [INFO]: Listening to Port. :  5000
2025-07-17 19:30:31 [INFO]: MongoDB Connected.
2025-07-17 19:30:32 [INFO]: Listening to Port. :  5000
2025-07-17 19:30:32 [INFO]: MongoDB Connected.
2025-07-17 19:30:37 [INFO]: Listening to Port. :  5000
2025-07-17 19:30:37 [INFO]: MongoDB Connected.
2025-07-17 19:30:42 [INFO]: Listening to Port. :  5000
2025-07-17 19:30:42 [INFO]: MongoDB Connected.
2025-07-17 19:30:44 [INFO]: Listening to Port. :  5000
2025-07-17 19:30:44 [INFO]: MongoDB Connected.
2025-07-17 19:30:47 [INFO]: Listening to Port. :  5000
2025-07-17 19:30:47 [INFO]: MongoDB Connected.
2025-07-17 19:30:49 [INFO]: Listening to Port. :  5000
2025-07-17 19:30:49 [INFO]: MongoDB Connected.
2025-07-17 19:31:00 [INFO]: Listening to Port. :  5000
2025-07-17 19:31:00 [INFO]: MongoDB Connected.
2025-07-17 19:31:03 [INFO]: Listening to Port. :  5000
2025-07-17 19:31:03 [INFO]: MongoDB Connected.
2025-07-17 19:31:53 [INFO]: Listening to Port. :  5000
2025-07-17 19:31:53 [INFO]: MongoDB Connected.
2025-07-17 19:31:55 [INFO]: Listening to Port. :  5000
2025-07-17 19:31:55 [INFO]: MongoDB Connected.
2025-07-17 19:32:00 [INFO]: Listening to Port. :  5000
2025-07-17 19:32:00 [INFO]: MongoDB Connected.
2025-07-17 19:32:06 [INFO]: Listening to Port. :  5000
2025-07-17 19:32:06 [INFO]: MongoDB Connected.
2025-07-17 19:32:07 [INFO]: Listening to Port. :  5000
2025-07-17 19:32:07 [INFO]: MongoDB Connected.
2025-07-17 19:32:09 [INFO]: Listening to Port. :  5000
2025-07-17 19:32:09 [INFO]: MongoDB Connected.
2025-07-17 19:32:13 [INFO]: Listening to Port. :  5000
2025-07-17 19:32:13 [INFO]: MongoDB Connected.
2025-07-17 19:32:15 [INFO]: Listening to Port. :  5000
2025-07-17 19:32:15 [INFO]: MongoDB Connected.
2025-07-17 19:32:19 [INFO]: Listening to Port. :  5000
2025-07-17 19:32:19 [INFO]: MongoDB Connected.
2025-07-17 19:32:21 [INFO]: Listening to Port. :  5000
2025-07-17 19:32:21 [INFO]: MongoDB Connected.
2025-07-17 19:32:23 [INFO]: Listening to Port. :  5000
2025-07-17 19:32:23 [INFO]: MongoDB Connected.
2025-07-17 19:32:25 [INFO]: Listening to Port. :  5000
2025-07-17 19:32:25 [INFO]: MongoDB Connected.
2025-07-17 19:32:27 [INFO]: Listening to Port. :  5000
2025-07-17 19:32:28 [INFO]: MongoDB Connected.
2025-07-17 19:32:31 [INFO]: Listening to Port. :  5000
2025-07-17 19:32:31 [INFO]: MongoDB Connected.
2025-07-17 19:32:32 [INFO]: Listening to Port. :  5000
2025-07-17 19:32:32 [INFO]: MongoDB Connected.
2025-07-17 19:32:34 [INFO]: Listening to Port. :  5000
2025-07-17 19:32:34 [INFO]: MongoDB Connected.
2025-07-17 19:32:37 [INFO]: Listening to Port. :  5000
2025-07-17 19:32:37 [INFO]: MongoDB Connected.
2025-07-17 19:32:40 [INFO]: Listening to Port. :  5000
2025-07-17 19:32:40 [INFO]: MongoDB Connected.
2025-07-17 19:32:44 [INFO]: Listening to Port. :  5000
2025-07-17 19:32:44 [INFO]: MongoDB Connected.
2025-07-17 19:53:10 [INFO]: Listening to Port. :  5000
2025-07-17 19:53:10 [INFO]: MongoDB Connected.
2025-07-17 19:53:34 [INFO]: Listening to Port. :  5000
2025-07-17 19:53:34 [INFO]: MongoDB Connected.
2025-07-17 19:54:10 [INFO]: Listening to Port. :  5000
2025-07-17 19:54:11 [INFO]: MongoDB Connected.
2025-07-17 19:54:14 [INFO]: Listening to Port. :  5000
2025-07-17 19:54:14 [INFO]: MongoDB Connected.
2025-07-17 19:54:20 [INFO]: Listening to Port. :  5000
2025-07-17 19:54:20 [INFO]: MongoDB Connected.
2025-07-17 19:54:34 [INFO]: Listening to Port. :  5000
2025-07-17 19:54:34 [INFO]: MongoDB Connected.
2025-07-17 19:54:46 [INFO]: Listening to Port. :  5000
2025-07-17 19:54:46 [INFO]: MongoDB Connected.
2025-07-17 19:54:59 [INFO]: Listening to Port. :  5000
2025-07-17 19:54:59 [INFO]: MongoDB Connected.
2025-07-17 19:55:26 [INFO]: Listening to Port. :  5000
2025-07-17 19:55:26 [INFO]: MongoDB Connected.
2025-07-17 19:55:35 [INFO]: Listening to Port. :  5000
2025-07-17 19:55:35 [INFO]: MongoDB Connected.
2025-07-17 20:06:50 [INFO]: Listening to Port. :  5000
2025-07-17 20:06:50 [INFO]: MongoDB Connected.
2025-07-17 20:07:56 [INFO]: Listening to Port. :  5000
2025-07-17 20:07:56 [INFO]: MongoDB Connected.
2025-07-17 20:07:58 [INFO]: Listening to Port. :  5000
2025-07-17 20:07:58 [INFO]: MongoDB Connected.
2025-07-17 20:10:21 [INFO]: Listening to Port. :  5000
2025-07-17 20:10:21 [INFO]: MongoDB Connected.
2025-07-17 20:14:21 [INFO]: Listening to Port. :  5000
2025-07-17 20:14:21 [INFO]: MongoDB Connected.
2025-07-17 20:14:23 [INFO]: Listening to Port. :  5000
2025-07-17 20:14:23 [INFO]: MongoDB Connected.
2025-07-17 20:14:25 [INFO]: Listening to Port. :  5000
2025-07-17 20:14:25 [INFO]: MongoDB Connected.
2025-07-17 20:14:44 [INFO]: Listening to Port. :  5000
2025-07-17 20:14:44 [INFO]: MongoDB Connected.
2025-07-17 20:14:46 [INFO]: Listening to Port. :  5000
2025-07-17 20:14:46 [INFO]: MongoDB Connected.
2025-07-17 20:15:07 [INFO]: Listening to Port. :  5000
2025-07-17 20:15:07 [INFO]: MongoDB Connected.
2025-07-17 20:15:09 [INFO]: Listening to Port. :  5000
2025-07-17 20:15:09 [INFO]: MongoDB Connected.
2025-07-17 20:15:11 [INFO]: Listening to Port. :  5000
2025-07-17 20:15:11 [INFO]: MongoDB Connected.
2025-07-17 20:15:12 [INFO]: Listening to Port. :  5000
2025-07-17 20:15:12 [INFO]: MongoDB Connected.
2025-07-17 20:17:22 [INFO]: Listening to Port. :  5000
2025-07-17 20:17:22 [INFO]: MongoDB Connected.
2025-07-17 20:17:25 [INFO]: Listening to Port. :  5000
2025-07-17 20:17:25 [INFO]: MongoDB Connected.
2025-07-17 20:17:29 [INFO]: Listening to Port. :  5000
2025-07-17 20:17:29 [INFO]: MongoDB Connected.
2025-07-17 20:18:01 [INFO]: Listening to Port. :  5000
2025-07-17 20:18:01 [INFO]: MongoDB Connected.
2025-07-17 20:18:49 [INFO]: Listening to Port. :  5000
2025-07-17 20:18:49 [INFO]: MongoDB Connected.
2025-07-17 20:19:16 [INFO]: Listening to Port. :  5000
2025-07-17 20:19:16 [INFO]: MongoDB Connected.
2025-07-17 20:19:19 [INFO]: Listening to Port. :  5000
2025-07-17 20:19:19 [INFO]: MongoDB Connected.
2025-07-17 20:19:21 [INFO]: Listening to Port. :  5000
2025-07-17 20:19:21 [INFO]: MongoDB Connected.
2025-07-17 20:19:24 [INFO]: Listening to Port. :  5000
2025-07-17 20:19:24 [INFO]: MongoDB Connected.
2025-07-17 20:19:26 [INFO]: Listening to Port. :  5000
2025-07-17 20:19:26 [INFO]: MongoDB Connected.
2025-07-17 20:19:34 [INFO]: Listening to Port. :  5000
2025-07-17 20:19:34 [INFO]: MongoDB Connected.
2025-07-17 20:19:37 [INFO]: Listening to Port. :  5000
2025-07-17 20:19:37 [INFO]: MongoDB Connected.
2025-07-17 20:19:40 [INFO]: Listening to Port. :  5000
2025-07-17 20:19:40 [INFO]: MongoDB Connected.
2025-07-17 20:19:42 [INFO]: Listening to Port. :  5000
2025-07-17 20:19:42 [INFO]: MongoDB Connected.
2025-07-17 20:19:45 [INFO]: Listening to Port. :  5000
2025-07-17 20:19:45 [INFO]: MongoDB Connected.
2025-07-17 20:19:48 [INFO]: Listening to Port. :  5000
2025-07-17 20:19:48 [INFO]: MongoDB Connected.
2025-07-17 20:19:51 [INFO]: Listening to Port. :  5000
2025-07-17 20:19:51 [INFO]: MongoDB Connected.
2025-07-17 20:19:56 [INFO]: Listening to Port. :  5000
2025-07-17 20:19:56 [INFO]: MongoDB Connected.
2025-07-17 20:20:00 [INFO]: Listening to Port. :  5000
2025-07-17 20:20:00 [INFO]: MongoDB Connected.
2025-07-17 20:20:02 [INFO]: Listening to Port. :  5000
2025-07-17 20:20:02 [INFO]: MongoDB Connected.
2025-07-17 20:20:05 [INFO]: Listening to Port. :  5000
2025-07-17 20:20:05 [INFO]: MongoDB Connected.
2025-07-17 20:20:09 [INFO]: Listening to Port. :  5000
2025-07-17 20:20:09 [INFO]: MongoDB Connected.
2025-07-17 20:20:11 [INFO]: Listening to Port. :  5000
2025-07-17 20:20:11 [INFO]: MongoDB Connected.
2025-07-17 20:20:19 [INFO]: Listening to Port. :  5000
2025-07-17 20:20:19 [INFO]: MongoDB Connected.
2025-07-17 20:20:22 [INFO]: Listening to Port. :  5000
2025-07-17 20:20:22 [INFO]: MongoDB Connected.
2025-07-17 20:20:28 [INFO]: Listening to Port. :  5000
2025-07-17 20:20:28 [INFO]: MongoDB Connected.
2025-07-17 20:20:31 [INFO]: Listening to Port. :  5000
2025-07-17 20:20:31 [INFO]: MongoDB Connected.
2025-07-17 20:20:35 [INFO]: Listening to Port. :  5000
2025-07-17 20:20:35 [INFO]: MongoDB Connected.
2025-07-17 20:20:37 [INFO]: Listening to Port. :  5000
2025-07-17 20:20:37 [INFO]: MongoDB Connected.
2025-07-17 20:20:38 [INFO]: Listening to Port. :  5000
2025-07-17 20:20:38 [INFO]: MongoDB Connected.
2025-07-17 20:22:22 [INFO]: Listening to Port. :  5000
2025-07-17 20:22:22 [INFO]: MongoDB Connected.
2025-07-17 20:24:46 [INFO]: Listening to Port. :  5000
2025-07-17 20:24:46 [INFO]: MongoDB Connected.
2025-07-17 20:27:02 [INFO]: Listening to Port. :  5000
2025-07-17 20:27:02 [INFO]: MongoDB Connected.
2025-07-17 20:30:13 [INFO]: Listening to Port. :  5000
2025-07-17 20:30:13 [INFO]: MongoDB Connected.
2025-07-17 21:04:09 [INFO]: Listening to Port. :  5000
2025-07-17 21:04:09 [INFO]: MongoDB Connected.
2025-07-17 21:08:08 [INFO]: Listening to Port. :  5000
2025-07-17 21:08:08 [INFO]: MongoDB Connected.
2025-07-17 21:08:13 [INFO]: Listening to Port. :  5000
2025-07-17 21:08:13 [INFO]: MongoDB Connected.
2025-07-17 21:08:20 [INFO]: Listening to Port. :  5000
2025-07-17 21:08:20 [INFO]: MongoDB Connected.
2025-07-17 21:08:33 [INFO]: Listening to Port. :  5000
2025-07-17 21:08:33 [INFO]: MongoDB Connected.
2025-07-17 21:08:38 [INFO]: Listening to Port. :  5000
2025-07-17 21:08:38 [INFO]: MongoDB Connected.
2025-07-17 21:09:57 [INFO]: Listening to Port. :  5000
2025-07-17 21:09:57 [INFO]: MongoDB Connected.
2025-07-17 21:10:03 [INFO]: Listening to Port. :  5000
2025-07-17 21:10:03 [INFO]: MongoDB Connected.
2025-07-17 21:10:15 [INFO]: Listening to Port. :  5000
2025-07-17 21:10:15 [INFO]: MongoDB Connected.
2025-07-17 21:11:12 [INFO]: Listening to Port. :  5000
2025-07-17 21:11:12 [INFO]: MongoDB Connected.
2025-07-17 21:11:39 [INFO]: Listening to Port. :  5000
2025-07-17 21:11:39 [INFO]: MongoDB Connected.
2025-07-17 21:11:46 [INFO]: Listening to Port. :  5000
2025-07-17 21:11:47 [INFO]: MongoDB Connected.
2025-07-17 21:11:52 [INFO]: Listening to Port. :  5000
2025-07-17 21:11:52 [INFO]: MongoDB Connected.
2025-07-17 21:11:56 [INFO]: Listening to Port. :  5000
2025-07-17 21:11:56 [INFO]: MongoDB Connected.
2025-07-17 21:12:49 [INFO]: User registered successfully: {
  name: 'uttam',
  email: 'uttam01@gmail.com',
  password: '$2b$10$CFzkA6M4heFyYnIlprczUuFAgKeZU7sr79.w.BVMR39.PW00MAPdS',
  profileImage: 'src\\uploads\\1752766969718.png',
  _id: new ObjectId('687919f9e9cd569bcfafa270'),
  __v: 0
}
2025-07-17 21:13:27 [INFO]: Listening to Port. :  5000
2025-07-17 21:13:27 [INFO]: MongoDB Connected.
2025-07-17 21:13:30 [WARN]: Register failed: User already exists with email uttam01@gmail.com
2025-07-17 21:13:41 [INFO]: User registered successfully: 68791a2def1798bbb812766a
2025-07-17 22:59:38 [WARN]: Register failed: User already exists with email uttam012@gmail.com
2025-07-17 23:00:36 [WARN]: Register failed: User already exists with email uttam01@gmail.com
2025-07-17 23:00:42 [ERROR]: ValidationError: User validation failed: profileImage: Path `profileImage` is required.
    at Document.invalidate (C:\BLOG APP\node_modules\mongoose\lib\document.js:3354:32)
    at C:\BLOG APP\node_modules\mongoose\lib\document.js:3115:17
    at C:\BLOG APP\node_modules\mongoose\lib\schemaType.js:1410:9
    at process.processTicksAndRejections (node:internal/process/task_queues:85:11)
2025-07-17 23:00:42 [ERROR]: Error: Failed to create user
    at createUser (file:///C:/BLOG%20APP/src/services/userService.js:11:11)
    at process.processTicksAndRejections (node:internal/process/task_queues:105:5)
    at async register (file:///C:/BLOG%20APP/src/controllers/userController.js:28:18)
2025-07-17 23:01:44 [INFO]: Listening to Port. :  5000
2025-07-17 23:01:44 [INFO]: MongoDB Connected.
2025-07-17 23:01:51 [INFO]: Listening to Port. :  5000
2025-07-17 23:01:51 [INFO]: MongoDB Connected.
2025-07-17 23:01:52 [ERROR]: ValidationError: User validation failed: profileImage: Path `profileImage` is required.
    at Document.invalidate (C:\BLOG APP\node_modules\mongoose\lib\document.js:3354:32)
    at C:\BLOG APP\node_modules\mongoose\lib\document.js:3115:17
    at C:\BLOG APP\node_modules\mongoose\lib\schemaType.js:1410:9
    at process.processTicksAndRejections (node:internal/process/task_queues:85:11)
2025-07-17 23:01:52 [ERROR]: Error: Failed to create user
    at createUser (file:///C:/BLOG%20APP/src/services/userService.js:11:11)
    at process.processTicksAndRejections (node:internal/process/task_queues:105:5)
    at async register (file:///C:/BLOG%20APP/src/controllers/userController.js:28:18)
2025-07-17 23:02:00 [INFO]: Listening to Port. :  5000
2025-07-17 23:02:00 [INFO]: MongoDB Connected.
2025-07-17 23:03:11 [INFO]: Listening to Port. :  5000
2025-07-17 23:03:11 [INFO]: MongoDB Connected.
2025-07-17 23:03:16 [INFO]: Listening to Port. :  5000
2025-07-17 23:03:16 [INFO]: MongoDB Connected.
2025-07-17 23:03:18 [ERROR]: ValidationError: User validation failed: profileImage: Path `profileImage` is required.
    at Document.invalidate (C:\BLOG APP\node_modules\mongoose\lib\document.js:3354:32)
    at C:\BLOG APP\node_modules\mongoose\lib\document.js:3115:17
    at C:\BLOG APP\node_modules\mongoose\lib\schemaType.js:1410:9
    at process.processTicksAndRejections (node:internal/process/task_queues:85:11)
2025-07-17 23:03:18 [ERROR]: Error: Failed to create user
    at createUser (file:///C:/BLOG%20APP/src/services/userService.js:11:11)
    at process.processTicksAndRejections (node:internal/process/task_queues:105:5)
    at async register (file:///C:/BLOG%20APP/src/controllers/userController.js:28:18)
2025-07-17 23:06:23 [INFO]: Listening to Port. :  5000
2025-07-17 23:06:23 [INFO]: MongoDB Connected.
2025-07-17 23:06:42 [INFO]: Listening to Port. :  5000
2025-07-17 23:06:42 [INFO]: MongoDB Connected.
2025-07-17 23:06:43 [ERROR]: ValidationError: User validation failed: profileImage: Path `profileImage` is required.
    at Document.invalidate (C:\BLOG APP\node_modules\mongoose\lib\document.js:3354:32)
    at C:\BLOG APP\node_modules\mongoose\lib\document.js:3115:17
    at C:\BLOG APP\node_modules\mongoose\lib\schemaType.js:1410:9
    at process.processTicksAndRejections (node:internal/process/task_queues:85:11)
2025-07-17 23:06:43 [ERROR]: Error: Failed to create user
    at createUser (file:///C:/BLOG%20APP/src/services/userService.js:11:11)
    at process.processTicksAndRejections (node:internal/process/task_queues:105:5)
    at async register (file:///C:/BLOG%20APP/src/controllers/userController.js:28:18)
2025-07-17 23:07:55 [INFO]: Listening to Port. :  5000
2025-07-17 23:07:55 [INFO]: MongoDB Connected.
2025-07-17 23:08:39 [INFO]: Listening to Port. :  5000
2025-07-17 23:08:39 [INFO]: MongoDB Connected.
2025-07-17 23:08:45 [ERROR]: ValidationError: User validation failed: profileImage: Path `profileImage` is required.
    at Document.invalidate (C:\BLOG APP\node_modules\mongoose\lib\document.js:3354:32)
    at C:\BLOG APP\node_modules\mongoose\lib\document.js:3115:17
    at C:\BLOG APP\node_modules\mongoose\lib\schemaType.js:1410:9
    at process.processTicksAndRejections (node:internal/process/task_queues:85:11)
2025-07-17 23:08:45 [ERROR]: ReferenceError: res is not defined
    at createUser (file:///C:/BLOG%20APP/src/services/userService.js:11:6)
    at process.processTicksAndRejections (node:internal/process/task_queues:105:5)
    at async register (file:///C:/BLOG%20APP/src/controllers/userController.js:28:18)
2025-07-17 23:08:59 [INFO]: Listening to Port. :  5000
2025-07-17 23:08:59 [INFO]: MongoDB Connected.
2025-07-17 23:09:00 [ERROR]: ValidationError: User validation failed: profileImage: Path `profileImage` is required.
    at Document.invalidate (C:\BLOG APP\node_modules\mongoose\lib\document.js:3354:32)
    at C:\BLOG APP\node_modules\mongoose\lib\document.js:3115:17
    at C:\BLOG APP\node_modules\mongoose\lib\schemaType.js:1410:9
    at process.processTicksAndRejections (node:internal/process/task_queues:85:11)
2025-07-17 23:09:00 [ERROR]: TypeError: Cannot read properties of undefined (reading 'status')
    at createUser (file:///C:/BLOG%20APP/src/services/userService.js:11:10)
    at process.processTicksAndRejections (node:internal/process/task_queues:105:5)
    at async register (file:///C:/BLOG%20APP/src/controllers/userController.js:28:18)
2025-07-17 23:09:12 [INFO]: Listening to Port. :  5000
2025-07-17 23:09:12 [INFO]: MongoDB Connected.
2025-07-17 23:09:16 [INFO]: Listening to Port. :  5000
2025-07-17 23:09:16 [INFO]: MongoDB Connected.
2025-07-17 23:09:18 [INFO]: Listening to Port. :  5000
2025-07-17 23:09:18 [INFO]: MongoDB Connected.
2025-07-17 23:09:19 [ERROR]: ValidationError: User validation failed: profileImage: Path `profileImage` is required., password: Path `password` is required., email: Path `email` is required., name: Path `name` is required.
    at Document.invalidate (C:\BLOG APP\node_modules\mongoose\lib\document.js:3354:32)
    at C:\BLOG APP\node_modules\mongoose\lib\document.js:3115:17
    at C:\BLOG APP\node_modules\mongoose\lib\schemaType.js:1410:9
    at process.processTicksAndRejections (node:internal/process/task_queues:85:11)
2025-07-17 23:09:19 [ERROR]: TypeError: Cannot read properties of undefined (reading 'status')
    at createUser (file:///C:/BLOG%20APP/src/services/userService.js:11:10)
    at process.processTicksAndRejections (node:internal/process/task_queues:105:5)
    at async register (file:///C:/BLOG%20APP/src/controllers/userController.js:28:18)
2025-07-17 23:09:34 [INFO]: Listening to Port. :  5000
2025-07-17 23:09:34 [INFO]: MongoDB Connected.
2025-07-17 23:09:36 [ERROR]: ValidationError: User validation failed: profileImage: Path `profileImage` is required., password: Path `password` is required., email: Path `email` is required., name: Path `name` is required.
    at Document.invalidate (C:\BLOG APP\node_modules\mongoose\lib\document.js:3354:32)
    at C:\BLOG APP\node_modules\mongoose\lib\document.js:3115:17
    at C:\BLOG APP\node_modules\mongoose\lib\schemaType.js:1410:9
    at process.processTicksAndRejections (node:internal/process/task_queues:85:11)
2025-07-17 23:09:36 [ERROR]: TypeError: Cannot read properties of undefined (reading 'status')
    at createUser (file:///C:/BLOG%20APP/src/services/userService.js:12:10)
    at process.processTicksAndRejections (node:internal/process/task_queues:105:5)
    at async register (file:///C:/BLOG%20APP/src/controllers/userController.js:28:18)
2025-07-17 23:09:52 [INFO]: Listening to Port. :  5000
2025-07-17 23:09:52 [INFO]: MongoDB Connected.
2025-07-17 23:09:53 [ERROR]: ValidationError: User validation failed: profileImage: Path `profileImage` is required., password: Path `password` is required., email: Path `email` is required., name: Path `name` is required.
    at Document.invalidate (C:\BLOG APP\node_modules\mongoose\lib\document.js:3354:32)
    at C:\BLOG APP\node_modules\mongoose\lib\document.js:3115:17
    at C:\BLOG APP\node_modules\mongoose\lib\schemaType.js:1410:9
    at process.processTicksAndRejections (node:internal/process/task_queues:85:11)
2025-07-17 23:09:53 [ERROR]: TypeError: Cannot read properties of undefined (reading 'status')
    at createUser (file:///C:/BLOG%20APP/src/services/userService.js:12:10)
    at process.processTicksAndRejections (node:internal/process/task_queues:105:5)
    at async register (file:///C:/BLOG%20APP/src/controllers/userController.js:28:18)
2025-07-17 23:10:00 [INFO]: Listening to Port. :  5000
2025-07-17 23:10:00 [INFO]: MongoDB Connected.
2025-07-17 23:10:03 [ERROR]: ValidationError: User validation failed: profileImage: Path `profileImage` is required., password: Path `password` is required., email: Path `email` is required., name: Path `name` is required.
    at Document.invalidate (C:\BLOG APP\node_modules\mongoose\lib\document.js:3354:32)
    at C:\BLOG APP\node_modules\mongoose\lib\document.js:3115:17
    at C:\BLOG APP\node_modules\mongoose\lib\schemaType.js:1410:9
    at process.processTicksAndRejections (node:internal/process/task_queues:85:11)
2025-07-17 23:10:03 [ERROR]: TypeError: Cannot read properties of undefined (reading 'status')
    at createUser (file:///C:/BLOG%20APP/src/services/userService.js:12:17)
    at process.processTicksAndRejections (node:internal/process/task_queues:105:5)
    at async register (file:///C:/BLOG%20APP/src/controllers/userController.js:28:18)
2025-07-17 23:10:12 [INFO]: Listening to Port. :  5000
2025-07-17 23:10:12 [INFO]: MongoDB Connected.
2025-07-17 23:10:24 [INFO]: Listening to Port. :  5000
2025-07-17 23:10:24 [INFO]: MongoDB Connected.
2025-07-17 23:10:32 [ERROR]: ValidationError: User validation failed: profileImage: Path `profileImage` is required.
    at Document.invalidate (C:\BLOG APP\node_modules\mongoose\lib\document.js:3354:32)
    at C:\BLOG APP\node_modules\mongoose\lib\document.js:3115:17
    at C:\BLOG APP\node_modules\mongoose\lib\schemaType.js:1410:9
    at process.processTicksAndRejections (node:internal/process/task_queues:85:11)
2025-07-17 23:10:32 [ERROR]: Error: Failed to create user
    at createUser (file:///C:/BLOG%20APP/src/services/userService.js:11:11)
    at process.processTicksAndRejections (node:internal/process/task_queues:105:5)
    at async register (file:///C:/BLOG%20APP/src/controllers/userController.js:28:18)
2025-07-17 23:10:54 [INFO]: Listening to Port. :  5000
2025-07-17 23:10:54 [INFO]: MongoDB Connected.
2025-07-17 23:10:54 [ERROR]: ValidationError: User validation failed: profileImage: Path `profileImage` is required.
    at Document.invalidate (C:\BLOG APP\node_modules\mongoose\lib\document.js:3354:32)
    at C:\BLOG APP\node_modules\mongoose\lib\document.js:3115:17
    at C:\BLOG APP\node_modules\mongoose\lib\schemaType.js:1410:9
    at process.processTicksAndRejections (node:internal/process/task_queues:85:11)
2025-07-17 23:10:54 [ERROR]: Error: ValidationError: profileImage: Path `profileImage` is required.
    at createUser (file:///C:/BLOG%20APP/src/services/userService.js:11:11)
    at process.processTicksAndRejections (node:internal/process/task_queues:105:5)
    at async register (file:///C:/BLOG%20APP/src/controllers/userController.js:28:18)
2025-07-17 23:11:34 [INFO]: User registered successfully: 687935cebec58d8584a57aa0
2025-07-17 23:11:53 [INFO]: Listening to Port. :  5000
2025-07-17 23:11:54 [INFO]: MongoDB Connected.
2025-07-17 23:12:28 [INFO]: Listening to Port. :  5000
2025-07-17 23:12:28 [INFO]: MongoDB Connected.
2025-07-17 23:12:31 [WARN]: Register failed: User already exists with email uttam0123@gmail.com
2025-07-17 23:12:51 [WARN]: Register failed: User already exists with email uttam0123@gmail.com
2025-07-17 23:12:58 [ERROR]: ValidationError: User validation failed: profileImage: Path `profileImage` is required.
    at Document.invalidate (C:\BLOG APP\node_modules\mongoose\lib\document.js:3354:32)
    at C:\BLOG APP\node_modules\mongoose\lib\document.js:3115:17
    at C:\BLOG APP\node_modules\mongoose\lib\schemaType.js:1410:9
    at process.processTicksAndRejections (node:internal/process/task_queues:85:11)
2025-07-17 23:12:58 [ERROR]: Error: ValidationError: profileImage: Path `profileImage` is required.
    at createUser (file:///C:/BLOG%20APP/src/services/userService.js:11:11)
    at process.processTicksAndRejections (node:internal/process/task_queues:105:5)
    at async register (file:///C:/BLOG%20APP/src/controllers/userController.js:28:18)
2025-07-17 23:13:44 [INFO]: Listening to Port. :  5000
2025-07-17 23:13:44 [INFO]: MongoDB Connected.
2025-07-17 23:13:53 [INFO]: Listening to Port. :  5000
2025-07-17 23:13:54 [INFO]: MongoDB Connected.
2025-07-17 23:14:06 [INFO]: Listening to Port. :  5000
2025-07-17 23:14:06 [INFO]: MongoDB Connected.
2025-07-17 23:14:10 [ERROR]: ValidationError: User validation failed: profileImage: Path `profileImage` is required.
    at Document.invalidate (C:\BLOG APP\node_modules\mongoose\lib\document.js:3354:32)
    at C:\BLOG APP\node_modules\mongoose\lib\document.js:3115:17
    at C:\BLOG APP\node_modules\mongoose\lib\schemaType.js:1410:9
    at process.processTicksAndRejections (node:internal/process/task_queues:85:11)
2025-07-17 23:14:10 [ERROR]: Error: ValidationError: profileImage: Path `profileImage` is required.
    at createUser (file:///C:/BLOG%20APP/src/services/userService.js:11:11)
    at process.processTicksAndRejections (node:internal/process/task_queues:105:5)
    at async register (file:///C:/BLOG%20APP/src/controllers/userController.js:29:18)
2025-07-17 23:14:23 [WARN]: User already exist. uttam0123@gmail.com
2025-07-17 23:15:35 [INFO]: Listening to Port. :  5000
2025-07-17 23:15:35 [INFO]: MongoDB Connected.
2025-07-17 23:15:37 [INFO]: Listening to Port. :  5000
2025-07-17 23:15:37 [INFO]: MongoDB Connected.
2025-07-17 23:15:41 [INFO]: Listening to Port. :  5000
2025-07-17 23:15:41 [INFO]: MongoDB Connected.
2025-07-17 23:15:46 [INFO]: Listening to Port. :  5000
2025-07-17 23:15:46 [INFO]: MongoDB Connected.
2025-07-17 23:15:59 [INFO]: Listening to Port. :  5000
2025-07-17 23:15:59 [INFO]: MongoDB Connected.
2025-07-17 23:16:22 [INFO]: Listening to Port. :  5000
2025-07-17 23:16:22 [INFO]: MongoDB Connected.
2025-07-17 23:16:26 [INFO]: Listening to Port. :  5000
2025-07-17 23:16:26 [INFO]: MongoDB Connected.
2025-07-17 23:16:59 [INFO]: Listening to Port. :  5000
2025-07-17 23:16:59 [INFO]: MongoDB Connected.
2025-07-17 23:17:02 [WARN]: User already exist. uttam0123@gmail.com
2025-07-17 23:17:09 [ERROR]: ValidationError: User validation failed: profileImage: Path `profileImage` is required.
    at Document.invalidate (C:\BLOG APP\node_modules\mongoose\lib\document.js:3354:32)
    at C:\BLOG APP\node_modules\mongoose\lib\document.js:3115:17
    at C:\BLOG APP\node_modules\mongoose\lib\schemaType.js:1410:9
    at process.processTicksAndRejections (node:internal/process/task_queues:85:11)
2025-07-17 23:17:09 [ERROR]: Error: ValidationError: profileImage: Path `profileImage` is required.
    at createUser (file:///C:/BLOG%20APP/src/services/userService.js:11:11)
    at process.processTicksAndRejections (node:internal/process/task_queues:105:5)
    at async register (file:///C:/BLOG%20APP/src/controllers/userController.js:29:18)
2025-07-17 23:17:29 [INFO]: Listening to Port. :  5000
2025-07-17 23:17:29 [INFO]: MongoDB Connected.
2025-07-17 23:17:30 [ERROR]: ValidationError: User validation failed: profileImage: Path `profileImage` is required.
    at Document.invalidate (C:\BLOG APP\node_modules\mongoose\lib\document.js:3354:32)
    at C:\BLOG APP\node_modules\mongoose\lib\document.js:3115:17
    at C:\BLOG APP\node_modules\mongoose\lib\schemaType.js:1410:9
    at process.processTicksAndRejections (node:internal/process/task_queues:85:11)
2025-07-17 23:17:30 [ERROR]: Error: ValidationError: profileImage: Path `profileImage` is required.
    at createUser (file:///C:/BLOG%20APP/src/services/userService.js:11:11)
    at process.processTicksAndRejections (node:internal/process/task_queues:105:5)
    at async register (file:///C:/BLOG%20APP/src/controllers/userController.js:29:18)
2025-07-17 23:17:40 [INFO]: Listening to Port. :  5000
2025-07-17 23:17:40 [INFO]: MongoDB Connected.
2025-07-17 23:17:42 [INFO]: Listening to Port. :  5000
2025-07-17 23:17:42 [INFO]: MongoDB Connected.
2025-07-17 23:17:43 [ERROR]: ValidationError: User validation failed: profileImage: Path `profileImage` is required.
    at Document.invalidate (C:\BLOG APP\node_modules\mongoose\lib\document.js:3354:32)
    at C:\BLOG APP\node_modules\mongoose\lib\document.js:3115:17
    at C:\BLOG APP\node_modules\mongoose\lib\schemaType.js:1410:9
    at process.processTicksAndRejections (node:internal/process/task_queues:85:11)
2025-07-17 23:17:43 [ERROR]: Error: ValidationError: profileImage: Path `profileImage` is required.
    at createUser (file:///C:/BLOG%20APP/src/services/userService.js:11:11)
    at process.processTicksAndRejections (node:internal/process/task_queues:105:5)
    at async register (file:///C:/BLOG%20APP/src/controllers/userController.js:29:18)
2025-07-17 23:17:52 [INFO]: Listening to Port. :  5000
2025-07-17 23:17:52 [INFO]: MongoDB Connected.
2025-07-17 23:19:58 [INFO]: Listening to Port. :  5000
2025-07-17 23:19:58 [INFO]: MongoDB Connected.
2025-07-17 23:21:13 [INFO]: Listening to Port. :  5000
2025-07-17 23:21:13 [INFO]: MongoDB Connected.
2025-07-17 23:21:16 [INFO]: Listening to Port. :  5000
2025-07-17 23:21:16 [INFO]: MongoDB Connected.
2025-07-17 23:21:19 [INFO]: Listening to Port. :  5000
2025-07-17 23:21:19 [INFO]: MongoDB Connected.
2025-07-17 23:21:30 [INFO]: Listening to Port. :  5000
2025-07-17 23:21:30 [INFO]: MongoDB Connected.
2025-07-17 23:22:17 [INFO]: Listening to Port. :  5000
2025-07-17 23:22:17 [INFO]: MongoDB Connected.
2025-07-17 23:22:30 [INFO]: Listening to Port. :  5000
2025-07-17 23:22:30 [INFO]: MongoDB Connected.
2025-07-17 23:22:35 [INFO]: Listening to Port. :  5000
2025-07-17 23:22:35 [INFO]: MongoDB Connected.
2025-07-17 23:22:40 [INFO]: Listening to Port. :  5000
2025-07-17 23:22:40 [INFO]: MongoDB Connected.
2025-07-17 23:22:41 [INFO]: Listening to Port. :  5000
2025-07-17 23:22:41 [INFO]: MongoDB Connected.
2025-07-17 23:23:16 [INFO]: Listening to Port. :  5000
2025-07-17 23:23:16 [INFO]: MongoDB Connected.
2025-07-17 23:23:33 [INFO]: Listening to Port. :  5000
2025-07-17 23:23:33 [INFO]: MongoDB Connected.
2025-07-17 23:24:15 [INFO]: Listening to Port. :  5000
2025-07-17 23:24:15 [INFO]: MongoDB Connected.
2025-07-17 23:24:25 [INFO]: Listening to Port. :  5000
2025-07-17 23:24:25 [INFO]: MongoDB Connected.
2025-07-17 23:26:04 [INFO]: Listening to Port. :  5000
2025-07-17 23:26:04 [INFO]: MongoDB Connected.
2025-07-17 23:26:24 [INFO]: Listening to Port. :  5000
2025-07-17 23:26:24 [INFO]: MongoDB Connected.
2025-07-17 23:27:40 [WARN]: User already exist. uttam0123@gmail.com
2025-07-17 23:28:04 [INFO]: User logged in successfully.
2025-07-17 23:28:43 [WARN]: Invalid credentials.
2025-07-17 23:28:58 [WARN]: User not found. with email uttam01236@gmail.com
2025-07-17 23:29:06 [INFO]: User logged in successfully.
2025-07-17 23:29:19 [INFO]: Listening to Port. :  5000
2025-07-17 23:29:19 [INFO]: MongoDB Connected.
2025-07-17 23:32:08 [INFO]: Listening to Port. :  5000
2025-07-17 23:32:08 [INFO]: MongoDB Connected.
2025-07-17 23:32:56 [INFO]: Listening to Port. :  5000
2025-07-17 23:32:56 [INFO]: MongoDB Connected.
2025-07-17 23:33:18 [INFO]: Listening to Port. :  5000
2025-07-17 23:33:18 [INFO]: MongoDB Connected.
2025-07-17 23:33:37 [INFO]: Listening to Port. :  5000
2025-07-17 23:33:37 [INFO]: MongoDB Connected.
2025-07-17 23:40:34 [INFO]: Listening to Port. :  5000
2025-07-17 23:40:34 [INFO]: MongoDB Connected.
2025-07-17 23:40:36 [INFO]: Listening to Port. :  5000
2025-07-17 23:40:36 [INFO]: MongoDB Connected.
2025-07-17 23:40:41 [INFO]: Listening to Port. :  5000
2025-07-17 23:40:41 [INFO]: MongoDB Connected.
2025-07-17 23:40:48 [INFO]: Listening to Port. :  5000
2025-07-17 23:40:48 [INFO]: MongoDB Connected.
2025-07-17 23:40:52 [INFO]: Listening to Port. :  5000
2025-07-17 23:40:52 [INFO]: MongoDB Connected.
2025-07-17 23:40:53 [INFO]: Listening to Port. :  5000
2025-07-17 23:40:53 [INFO]: MongoDB Connected.
2025-07-17 23:40:58 [INFO]: Listening to Port. :  5000
2025-07-17 23:40:58 [INFO]: MongoDB Connected.
2025-07-17 23:41:06 [INFO]: Listening to Port. :  5000
2025-07-17 23:41:06 [INFO]: MongoDB Connected.
2025-07-17 23:42:50 [INFO]: Listening to Port. :  5000
2025-07-17 23:42:50 [INFO]: MongoDB Connected.
2025-07-17 23:42:54 [INFO]: Listening to Port. :  5000
2025-07-17 23:42:54 [INFO]: MongoDB Connected.
2025-07-17 23:43:41 [INFO]: Listening to Port. :  5000
2025-07-17 23:43:41 [INFO]: MongoDB Connected.
2025-07-17 23:43:54 [INFO]: Listening to Port. :  5000
2025-07-17 23:43:54 [INFO]: MongoDB Connected.
2025-07-17 23:44:58 [INFO]: Listening to Port. :  5000
2025-07-17 23:44:58 [INFO]: MongoDB Connected.
2025-07-17 23:45:06 [INFO]: Listening to Port. :  5000
2025-07-17 23:45:06 [INFO]: MongoDB Connected.
2025-07-17 23:45:16 [INFO]: Listening to Port. :  5000
2025-07-17 23:45:16 [INFO]: MongoDB Connected.
2025-07-17 23:45:26 [INFO]: Listening to Port. :  5000
2025-07-17 23:45:26 [INFO]: MongoDB Connected.
2025-07-17 23:45:31 [INFO]: Listening to Port. :  5000
2025-07-17 23:45:31 [INFO]: MongoDB Connected.
2025-07-17 23:45:33 [INFO]: Listening to Port. :  5000
2025-07-17 23:45:33 [INFO]: MongoDB Connected.
2025-07-17 23:45:36 [INFO]: Listening to Port. :  5000
2025-07-17 23:45:36 [INFO]: MongoDB Connected.
2025-07-17 23:45:38 [INFO]: Listening to Port. :  5000
2025-07-17 23:45:38 [INFO]: MongoDB Connected.
2025-07-17 23:45:46 [INFO]: Listening to Port. :  5000
2025-07-17 23:45:46 [INFO]: MongoDB Connected.
2025-07-17 23:45:52 [INFO]: Listening to Port. :  5000
2025-07-17 23:45:52 [INFO]: MongoDB Connected.
2025-07-17 23:46:07 [INFO]: Listening to Port. :  5000
2025-07-17 23:46:07 [INFO]: MongoDB Connected.
2025-07-17 23:46:21 [INFO]: Listening to Port. :  5000
2025-07-17 23:46:21 [INFO]: MongoDB Connected.
2025-07-17 23:46:26 [INFO]: Listening to Port. :  5000
2025-07-17 23:46:26 [INFO]: MongoDB Connected.
2025-07-17 23:49:33 [INFO]: Listening to Port. :  5000
2025-07-17 23:49:33 [INFO]: MongoDB Connected.
2025-07-17 23:49:37 [INFO]: Listening to Port. :  5000
2025-07-17 23:49:37 [INFO]: MongoDB Connected.
2025-07-17 23:49:41 [INFO]: Listening to Port. :  5000
2025-07-17 23:49:41 [INFO]: MongoDB Connected.
2025-07-17 23:50:53 [INFO]: Listening to Port. :  5000
2025-07-17 23:50:53 [INFO]: MongoDB Connected.
2025-07-17 23:50:57 [INFO]: Listening to Port. :  5000
2025-07-17 23:50:57 [INFO]: MongoDB Connected.
2025-07-17 23:52:24 [INFO]: Listening to Port. :  5000
2025-07-17 23:52:24 [INFO]: MongoDB Connected.
2025-07-17 23:52:29 [INFO]: Listening to Port. :  5000
2025-07-17 23:52:29 [INFO]: MongoDB Connected.
2025-07-17 23:52:32 [INFO]: Listening to Port. :  5000
2025-07-17 23:52:32 [INFO]: MongoDB Connected.
2025-07-17 23:52:39 [INFO]: Listening to Port. :  5000
2025-07-17 23:52:39 [INFO]: MongoDB Connected.
2025-07-17 23:52:45 [INFO]: Listening to Port. :  5000
2025-07-17 23:52:45 [INFO]: MongoDB Connected.
2025-07-17 23:52:49 [INFO]: Listening to Port. :  5000
2025-07-17 23:52:49 [INFO]: MongoDB Connected.
2025-07-17 23:52:51 [INFO]: Listening to Port. :  5000
2025-07-17 23:52:51 [INFO]: MongoDB Connected.
2025-07-17 23:55:59 [INFO]: Listening to Port. :  5000
2025-07-17 23:55:59 [INFO]: MongoDB Connected.
2025-07-17 23:56:16 [INFO]: Listening to Port. :  5000
2025-07-17 23:56:16 [INFO]: MongoDB Connected.
2025-07-17 23:56:23 [INFO]: Listening to Port. :  5000
2025-07-17 23:56:23 [INFO]: MongoDB Connected.
2025-07-17 23:56:25 [INFO]: Listening to Port. :  5000
2025-07-17 23:56:25 [INFO]: MongoDB Connected.
2025-07-17 23:56:27 [INFO]: Listening to Port. :  5000
2025-07-17 23:56:27 [INFO]: MongoDB Connected.
2025-07-17 23:56:39 [INFO]: Listening to Port. :  5000
2025-07-17 23:56:39 [INFO]: MongoDB Connected.
2025-07-17 23:56:44 [INFO]: Listening to Port. :  5000
2025-07-17 23:56:44 [INFO]: MongoDB Connected.
2025-07-17 23:56:47 [INFO]: Listening to Port. :  5000
2025-07-17 23:56:47 [INFO]: MongoDB Connected.
2025-07-17 23:56:49 [INFO]: Listening to Port. :  5000
2025-07-17 23:56:49 [INFO]: MongoDB Connected.
2025-07-17 23:56:52 [INFO]: Listening to Port. :  5000
2025-07-17 23:56:52 [INFO]: MongoDB Connected.
2025-07-17 23:56:54 [INFO]: Listening to Port. :  5000
2025-07-17 23:56:54 [INFO]: MongoDB Connected.
2025-07-17 23:57:09 [INFO]: Listening to Port. :  5000
2025-07-17 23:57:09 [INFO]: MongoDB Connected.
2025-07-17 23:57:27 [INFO]: Listening to Port. :  5000
2025-07-17 23:57:27 [INFO]: MongoDB Connected.
2025-07-17 23:57:43 [INFO]: Listening to Port. :  5000
2025-07-17 23:57:43 [INFO]: MongoDB Connected.
2025-07-17 23:57:46 [INFO]: Listening to Port. :  5000
2025-07-17 23:57:46 [INFO]: MongoDB Connected.
2025-07-17 23:57:49 [INFO]: Listening to Port. :  5000
2025-07-17 23:57:49 [INFO]: MongoDB Connected.
2025-07-18 00:00:24 [INFO]: Listening to Port. :  5000
2025-07-18 00:00:24 [INFO]: MongoDB Connected.
2025-07-18 00:00:28 [INFO]: Listening to Port. :  5000
2025-07-18 00:00:28 [INFO]: MongoDB Connected.
2025-07-18 00:00:37 [INFO]: Listening to Port. :  5000
2025-07-18 00:00:37 [INFO]: MongoDB Connected.
2025-07-18 00:01:03 [INFO]: Listening to Port. :  5000
2025-07-18 00:01:03 [INFO]: MongoDB Connected.
2025-07-18 00:01:12 [INFO]: Listening to Port. :  5000
2025-07-18 00:01:12 [INFO]: MongoDB Connected.
2025-07-18 00:01:18 [INFO]: Listening to Port. :  5000
2025-07-18 00:01:18 [INFO]: MongoDB Connected.
2025-07-18 00:01:41 [INFO]: Listening to Port. :  5000
2025-07-18 00:01:41 [INFO]: MongoDB Connected.
2025-07-18 00:01:44 [INFO]: Listening to Port. :  5000
2025-07-18 00:01:44 [INFO]: MongoDB Connected.
2025-07-18 00:01:58 [INFO]: Listening to Port. :  5000
2025-07-18 00:01:58 [INFO]: MongoDB Connected.
2025-07-18 00:02:01 [INFO]: Listening to Port. :  5000
2025-07-18 00:02:01 [INFO]: MongoDB Connected.
2025-07-18 00:02:08 [INFO]: Listening to Port. :  5000
2025-07-18 00:02:08 [INFO]: MongoDB Connected.
2025-07-18 00:03:09 [INFO]: Listening to Port. :  5000
2025-07-18 00:03:09 [INFO]: MongoDB Connected.
2025-07-18 00:03:32 [INFO]: Listening to Port. :  5000
2025-07-18 00:03:32 [INFO]: MongoDB Connected.
2025-07-18 00:03:36 [INFO]: Listening to Port. :  5000
2025-07-18 00:03:36 [INFO]: MongoDB Connected.
2025-07-18 00:03:40 [INFO]: Listening to Port. :  5000
2025-07-18 00:03:40 [INFO]: MongoDB Connected.
2025-07-18 00:04:02 [INFO]: Listening to Port. :  5000
2025-07-18 00:04:02 [INFO]: MongoDB Connected.
2025-07-18 00:04:15 [INFO]: Listening to Port. :  5000
2025-07-18 00:04:15 [INFO]: MongoDB Connected.
2025-07-18 00:04:23 [INFO]: Listening to Port. :  5000
2025-07-18 00:04:23 [INFO]: MongoDB Connected.
2025-07-18 00:04:31 [INFO]: Listening to Port. :  5000
2025-07-18 00:04:31 [INFO]: MongoDB Connected.
2025-07-18 00:04:53 [INFO]: Listening to Port. :  5000
2025-07-18 00:04:53 [INFO]: MongoDB Connected.
2025-07-18 00:04:59 [INFO]: Listening to Port. :  5000
2025-07-18 00:04:59 [INFO]: MongoDB Connected.
2025-07-18 00:05:01 [INFO]: Listening to Port. :  5000
2025-07-18 00:05:01 [INFO]: MongoDB Connected.
2025-07-18 00:05:24 [INFO]: Listening to Port. :  5000
2025-07-18 00:05:24 [INFO]: MongoDB Connected.
2025-07-18 00:06:12 [INFO]: Listening to Port. :  5000
2025-07-18 00:06:12 [INFO]: MongoDB Connected.
2025-07-18 00:06:19 [INFO]: Listening to Port. :  5000
2025-07-18 00:06:19 [INFO]: MongoDB Connected.
2025-07-18 00:06:28 [INFO]: Listening to Port. :  5000
2025-07-18 00:06:28 [INFO]: MongoDB Connected.
2025-07-18 00:06:36 [INFO]: Listening to Port. :  5000
2025-07-18 00:06:36 [INFO]: MongoDB Connected.
2025-07-18 00:06:43 [INFO]: Listening to Port. :  5000
2025-07-18 00:06:43 [INFO]: MongoDB Connected.
2025-07-18 00:06:51 [INFO]: Listening to Port. :  5000
2025-07-18 00:06:51 [INFO]: MongoDB Connected.
2025-07-18 00:06:55 [INFO]: Listening to Port. :  5000
2025-07-18 00:06:55 [INFO]: MongoDB Connected.
2025-07-18 00:06:58 [INFO]: Listening to Port. :  5000
2025-07-18 00:06:58 [INFO]: MongoDB Connected.
2025-07-18 00:07:33 [INFO]: Listening to Port. :  5000
2025-07-18 00:07:33 [INFO]: MongoDB Connected.
2025-07-18 00:08:31 [INFO]: Listening to Port. :  5000
2025-07-18 00:08:31 [INFO]: MongoDB Connected.
2025-07-18 00:09:35 [ERROR]: TypeError: Cannot read properties of undefined (reading 'id')
    at createBlogController (file:///C:/BLOG%20APP/src/controllers/blogController.js:11:69)
    at Layer.handleRequest (C:\BLOG APP\node_modules\router\lib\layer.js:152:17)
    at next (C:\BLOG APP\node_modules\router\lib\route.js:157:13)
    at multerMiddleware (C:\BLOG APP\node_modules\multer\lib\make-middleware.js:19:41)
    at Layer.handleRequest (C:\BLOG APP\node_modules\router\lib\layer.js:152:17)
    at next (C:\BLOG APP\node_modules\router\lib\route.js:157:13)
    at Route.dispatch (C:\BLOG APP\node_modules\router\lib\route.js:117:3)
    at handle (C:\BLOG APP\node_modules\router\index.js:435:11)
    at Layer.handleRequest (C:\BLOG APP\node_modules\router\lib\layer.js:152:17)
    at C:\BLOG APP\node_modules\router\index.js:295:15
2025-07-18 00:10:11 [INFO]: Listening to Port. :  5000
2025-07-18 00:10:11 [INFO]: MongoDB Connected.
2025-07-18 00:10:13 [ERROR]: TypeError: Cannot read properties of undefined (reading 'id')
    at createBlogController (file:///C:/BLOG%20APP/src/controllers/blogController.js:11:69)
    at Layer.handleRequest (C:\BLOG APP\node_modules\router\lib\layer.js:152:17)
    at next (C:\BLOG APP\node_modules\router\lib\route.js:157:13)
    at multerMiddleware (C:\BLOG APP\node_modules\multer\lib\make-middleware.js:19:41)
    at Layer.handleRequest (C:\BLOG APP\node_modules\router\lib\layer.js:152:17)
    at next (C:\BLOG APP\node_modules\router\lib\route.js:157:13)
    at Route.dispatch (C:\BLOG APP\node_modules\router\lib\route.js:117:3)
    at handle (C:\BLOG APP\node_modules\router\index.js:435:11)
    at Layer.handleRequest (C:\BLOG APP\node_modules\router\lib\layer.js:152:17)
    at C:\BLOG APP\node_modules\router\index.js:295:15
2025-07-18 00:12:06 [INFO]: Listening to Port. :  5000
2025-07-18 00:12:06 [INFO]: MongoDB Connected.
2025-07-18 00:12:48 [INFO]: Listening to Port. :  5000
2025-07-18 00:12:53 [INFO]: Listening to Port. :  5000
2025-07-18 00:12:53 [INFO]: MongoDB Connected.
2025-07-18 00:12:57 [ERROR]: Authorization header is missing.
2025-07-18 00:12:57 [ERROR]: Token is not valid.
2025-07-18 00:13:25 [INFO]: Listening to Port. :  5000
2025-07-18 00:13:25 [INFO]: MongoDB Connected.
2025-07-18 00:13:25 [ERROR]: Authorization header is missing.
2025-07-18 00:13:25 [ERROR]: Token is not valid.
2025-07-18 00:13:53 [ERROR]: Token is not valid.
2025-07-18 00:14:17 [INFO]: User logged in successfully.
2025-07-18 00:14:35 [ERROR]: Token is not valid.
2025-07-18 00:15:09 [INFO]: Listening to Port. :  5000
2025-07-18 00:15:09 [INFO]: MongoDB Connected.
2025-07-18 00:15:12 [ERROR]: ReferenceError: jwt is not defined
    at authenticate (file:///C:/BLOG%20APP/src/middlewares/auth.js:18:21)
    at Layer.handleRequest (C:\BLOG APP\node_modules\router\lib\layer.js:152:17)
    at next (C:\BLOG APP\node_modules\router\lib\route.js:157:13)
    at Route.dispatch (C:\BLOG APP\node_modules\router\lib\route.js:117:3)
    at handle (C:\BLOG APP\node_modules\router\index.js:435:11)
    at Layer.handleRequest (C:\BLOG APP\node_modules\router\lib\layer.js:152:17)
    at C:\BLOG APP\node_modules\router\index.js:295:15
    at processParams (C:\BLOG APP\node_modules\router\index.js:582:12)
    at next (C:\BLOG APP\node_modules\router\index.js:291:5)
    at Function.handle (C:\BLOG APP\node_modules\router\index.js:186:3)
2025-07-18 00:15:50 [INFO]: Listening to Port. :  5000
2025-07-18 00:15:50 [INFO]: MongoDB Connected.
2025-07-18 00:15:52 [INFO]: Blog created: $}
2025-07-18 00:19:36 [INFO]: Listening to Port. :  5000
2025-07-18 00:19:36 [INFO]: MongoDB Connected.
2025-07-18 00:19:40 [INFO]: Listening to Port. :  5000
2025-07-18 00:19:40 [INFO]: MongoDB Connected.
2025-07-18 00:19:55 [INFO]: Blog created: 687945d3bc11f6fbb3fa9945
2025-07-18 00:21:36 [INFO]: Listening to Port. :  5000
2025-07-18 00:21:36 [INFO]: MongoDB Connected.
2025-07-18 00:21:39 [INFO]: Listening to Port. :  5000
2025-07-18 00:21:39 [INFO]: MongoDB Connected.
2025-07-18 00:21:41 [INFO]: Listening to Port. :  5000
2025-07-18 00:21:41 [INFO]: MongoDB Connected.
2025-07-18 00:22:39 [INFO]: Listening to Port. :  5000
2025-07-18 00:22:39 [INFO]: MongoDB Connected.
2025-07-18 00:23:00 [WARN]: Invalid file type uploaded: application/pdf
2025-07-18 00:23:09 [WARN]: User already exist. uttam0123@gmail.com
2025-07-18 00:23:17 [INFO]: Congratulation! You are registered successfully..
2025-07-18 00:23:32 [INFO]: Blog created: 687946ac5d8c7eb6edfb2e87
2025-07-18 00:24:54 [INFO]: Listening to Port. :  5000
2025-07-18 00:24:54 [INFO]: MongoDB Connected.
2025-07-18 00:25:01 [INFO]: Listening to Port. :  5000
2025-07-18 00:25:01 [INFO]: MongoDB Connected.
2025-07-18 00:26:03 [INFO]: Listening to Port. :  5000
2025-07-18 00:26:03 [INFO]: MongoDB Connected.
2025-07-18 00:26:08 [INFO]: Listening to Port. :  5000
2025-07-18 00:26:08 [INFO]: MongoDB Connected.
2025-07-18 00:26:10 [INFO]: Listening to Port. :  5000
2025-07-18 00:26:10 [INFO]: MongoDB Connected.
2025-07-18 00:26:48 [INFO]: Listening to Port. :  5000
2025-07-18 00:26:48 [INFO]: MongoDB Connected.
2025-07-18 00:26:53 [INFO]: Listening to Port. :  5000
2025-07-18 00:26:53 [INFO]: MongoDB Connected.
2025-07-18 00:26:58 [INFO]: Listening to Port. :  5000
2025-07-18 00:26:58 [INFO]: MongoDB Connected.
2025-07-18 00:28:39 [INFO]: Listening to Port. :  5000
2025-07-18 00:28:39 [INFO]: MongoDB Connected.
2025-07-18 00:28:41 [INFO]: Listening to Port. :  5000
2025-07-18 00:28:42 [INFO]: MongoDB Connected.
2025-07-18 00:29:07 [INFO]: Listening to Port. :  5000
2025-07-18 00:29:07 [INFO]: MongoDB Connected.
2025-07-18 00:29:09 [INFO]: Listening to Port. :  5000
2025-07-18 00:29:10 [INFO]: MongoDB Connected.
2025-07-18 00:29:28 [INFO]: Listening to Port. :  5000
2025-07-18 00:29:28 [INFO]: MongoDB Connected.
2025-07-18 00:29:33 [INFO]: Listening to Port. :  5000
2025-07-18 00:29:33 [INFO]: MongoDB Connected.
2025-07-18 00:29:46 [INFO]: Listening to Port. :  5000
2025-07-18 00:29:46 [INFO]: MongoDB Connected.
2025-07-18 00:29:55 [INFO]: Blog created: 6879482b5683c397aa2f3cc7
2025-07-18 00:30:09 [INFO]: Blog created: 687948395683c397aa2f3cc9
2025-07-18 00:30:57 [INFO]: Listening to Port. :  5000
2025-07-18 00:30:57 [INFO]: MongoDB Connected.
2025-07-18 00:31:14 [INFO]: Listening to Port. :  5000
2025-07-18 00:31:14 [INFO]: MongoDB Connected.
2025-07-18 00:31:45 [INFO]: Listening to Port. :  5000
2025-07-18 00:31:45 [INFO]: MongoDB Connected.
2025-07-18 00:31:54 [INFO]: Listening to Port. :  5000
2025-07-18 00:31:54 [INFO]: MongoDB Connected.
2025-07-18 00:32:08 [INFO]: Listening to Port. :  5000
2025-07-18 00:32:08 [INFO]: MongoDB Connected.
2025-07-18 00:32:47 [INFO]: Listening to Port. :  5000
2025-07-18 00:32:47 [INFO]: MongoDB Connected.
2025-07-18 00:32:53 [INFO]: Listening to Port. :  5000
2025-07-18 00:32:53 [INFO]: MongoDB Connected.
2025-07-18 00:32:56 [INFO]: Listening to Port. :  5000
2025-07-18 00:32:56 [INFO]: MongoDB Connected.
2025-07-18 00:33:24 [INFO]: Listening to Port. :  5000
2025-07-18 00:33:24 [INFO]: MongoDB Connected.
2025-07-18 00:33:30 [INFO]: Listening to Port. :  5000
2025-07-18 00:33:30 [INFO]: MongoDB Connected.
2025-07-18 00:34:29 [INFO]: Listening to Port. :  5000
2025-07-18 00:34:29 [INFO]: MongoDB Connected.
2025-07-18 00:34:38 [INFO]: Listening to Port. :  5000
2025-07-18 00:34:38 [INFO]: MongoDB Connected.
2025-07-18 00:35:20 [INFO]: Listening to Port. :  5000
2025-07-18 00:35:20 [INFO]: MongoDB Connected.
2025-07-18 00:35:36 [INFO]: Listening to Port. :  5000
2025-07-18 00:35:36 [INFO]: MongoDB Connected.
2025-07-18 00:35:40 [INFO]: Listening to Port. :  5000
2025-07-18 00:35:40 [INFO]: MongoDB Connected.
2025-07-18 00:35:44 [INFO]: Listening to Port. :  5000
2025-07-18 00:35:44 [INFO]: MongoDB Connected.
2025-07-18 00:36:06 [INFO]: Listening to Port. :  5000
2025-07-18 00:36:06 [INFO]: MongoDB Connected.
2025-07-18 00:36:18 [INFO]: Listening to Port. :  5000
2025-07-18 00:36:18 [INFO]: MongoDB Connected.
2025-07-18 00:36:23 [INFO]: Listening to Port. :  5000
2025-07-18 00:36:23 [INFO]: MongoDB Connected.
2025-07-18 00:36:26 [INFO]: Listening to Port. :  5000
2025-07-18 00:36:26 [INFO]: MongoDB Connected.
2025-07-18 00:36:33 [INFO]: Listening to Port. :  5000
2025-07-18 00:36:33 [INFO]: MongoDB Connected.
2025-07-18 00:36:36 [INFO]: Listening to Port. :  5000
2025-07-18 00:36:36 [INFO]: MongoDB Connected.
2025-07-18 00:36:46 [INFO]: Listening to Port. :  5000
2025-07-18 00:36:46 [INFO]: MongoDB Connected.
2025-07-18 00:36:55 [INFO]: Listening to Port. :  5000
2025-07-18 00:36:55 [INFO]: MongoDB Connected.
2025-07-18 00:37:02 [INFO]: Listening to Port. :  5000
2025-07-18 00:37:02 [INFO]: MongoDB Connected.
2025-07-18 00:37:04 [INFO]: Listening to Port. :  5000
2025-07-18 00:37:04 [INFO]: MongoDB Connected.
2025-07-18 00:37:34 [INFO]: Listening to Port. :  5000
2025-07-18 00:37:34 [INFO]: MongoDB Connected.
2025-07-18 00:37:59 [INFO]: Listening to Port. :  5000
2025-07-18 00:37:59 [INFO]: MongoDB Connected.
2025-07-18 00:38:32 [INFO]: Listening to Port. :  5000
2025-07-18 00:38:32 [INFO]: MongoDB Connected.
2025-07-18 00:39:22 [INFO]: Listening to Port. :  5000
2025-07-18 00:39:22 [INFO]: MongoDB Connected.
2025-07-18 00:39:39 [INFO]: Listening to Port. :  5000
2025-07-18 00:39:39 [INFO]: MongoDB Connected.
2025-07-18 00:39:47 [ERROR]: Authorization header is missing.
2025-07-18 00:39:47 [ERROR]: JsonWebTokenError: jwt must be provided
    at module.exports [as verify] (C:\BLOG APP\node_modules\jsonwebtoken\verify.js:60:17)
    at authenticate (file:///C:/BLOG%20APP/src/middlewares/auth.js:19:25)
    at Layer.handleRequest (C:\BLOG APP\node_modules\router\lib\layer.js:152:17)
    at next (C:\BLOG APP\node_modules\router\lib\route.js:157:13)
    at Route.dispatch (C:\BLOG APP\node_modules\router\lib\route.js:117:3)
    at handle (C:\BLOG APP\node_modules\router\index.js:435:11)
    at Layer.handleRequest (C:\BLOG APP\node_modules\router\lib\layer.js:152:17)
    at C:\BLOG APP\node_modules\router\index.js:295:15
    at processParams (C:\BLOG APP\node_modules\router\index.js:582:12)
    at next (C:\BLOG APP\node_modules\router\index.js:291:5)
2025-07-18 00:40:13 [INFO]: All blog fetched successfully.
2025-07-18 00:41:08 [INFO]: Listening to Port. :  5000
2025-07-18 00:41:08 [INFO]: MongoDB Connected.
2025-07-18 00:42:47 [INFO]: All blog fetched successfully.
2025-07-18 00:42:59 [INFO]: Listening to Port. :  5000
2025-07-18 00:42:59 [INFO]: MongoDB Connected.
2025-07-18 00:43:08 [INFO]: Listening to Port. :  5000
2025-07-18 00:43:08 [INFO]: MongoDB Connected.
2025-07-18 00:43:14 [INFO]: Listening to Port. :  5000
2025-07-18 00:43:14 [INFO]: MongoDB Connected.
2025-07-18 00:43:42 [INFO]: Listening to Port. :  5000
2025-07-18 00:43:42 [INFO]: MongoDB Connected.
2025-07-18 00:43:45 [INFO]: Listening to Port. :  5000
2025-07-18 00:43:45 [INFO]: MongoDB Connected.
2025-07-18 00:43:47 [INFO]: Listening to Port. :  5000
2025-07-18 00:43:47 [INFO]: MongoDB Connected.
2025-07-18 00:43:52 [INFO]: Listening to Port. :  5000
2025-07-18 00:43:52 [INFO]: MongoDB Connected.
2025-07-18 00:47:57 [INFO]: Listening to Port. :  5000
2025-07-18 00:47:57 [INFO]: MongoDB Connected.
2025-07-18 00:48:26 [INFO]: Listening to Port. :  5000
2025-07-18 00:48:26 [INFO]: MongoDB Connected.
2025-07-18 00:48:33 [INFO]: Listening to Port. :  5000
2025-07-18 00:48:33 [INFO]: MongoDB Connected.
2025-07-18 00:49:02 [INFO]: Listening to Port. :  5000
2025-07-18 00:49:02 [INFO]: MongoDB Connected.
2025-07-18 00:49:08 [INFO]: Listening to Port. :  5000
2025-07-18 00:49:08 [INFO]: MongoDB Connected.
2025-07-18 00:49:37 [INFO]: Listening to Port. :  5000
2025-07-18 00:49:37 [INFO]: MongoDB Connected.
2025-07-18 00:49:43 [INFO]: Listening to Port. :  5000
2025-07-18 00:49:43 [INFO]: MongoDB Connected.
2025-07-18 00:49:47 [INFO]: Listening to Port. :  5000
2025-07-18 00:49:47 [INFO]: MongoDB Connected.
2025-07-18 00:51:00 [INFO]: Listening to Port. :  5000
2025-07-18 00:51:00 [INFO]: MongoDB Connected.
2025-07-18 00:51:24 [INFO]: Listening to Port. :  5000
2025-07-18 00:51:24 [INFO]: MongoDB Connected.
2025-07-18 00:51:29 [INFO]: Listening to Port. :  5000
2025-07-18 00:51:29 [INFO]: MongoDB Connected.
2025-07-18 00:51:33 [INFO]: Listening to Port. :  5000
2025-07-18 00:51:33 [INFO]: MongoDB Connected.
2025-07-18 00:51:38 [INFO]: Listening to Port. :  5000
2025-07-18 00:51:38 [INFO]: MongoDB Connected.
2025-07-18 00:52:04 [INFO]: Listening to Port. :  5000
2025-07-18 00:52:04 [INFO]: MongoDB Connected.
2025-07-18 00:52:09 [INFO]: Listening to Port. :  5000
2025-07-18 00:52:09 [INFO]: MongoDB Connected.
2025-07-18 00:55:31 [INFO]: Listening to Port. :  5000
2025-07-18 00:55:31 [INFO]: MongoDB Connected.
2025-07-18 00:55:35 [INFO]: Listening to Port. :  5000
2025-07-18 00:55:35 [INFO]: MongoDB Connected.
2025-07-18 00:56:19 [INFO]: Listening to Port. :  5000
2025-07-18 00:56:19 [INFO]: MongoDB Connected.
2025-07-18 00:56:24 [INFO]: Listening to Port. :  5000
2025-07-18 00:56:24 [INFO]: MongoDB Connected.
2025-07-18 00:56:33 [INFO]: Listening to Port. :  5000
2025-07-18 00:56:33 [INFO]: MongoDB Connected.
2025-07-18 00:57:21 [ERROR]: Authorization header is missing.
2025-07-18 00:57:22 [ERROR]: JsonWebTokenError: jwt must be provided
    at module.exports [as verify] (C:\BLOG APP\node_modules\jsonwebtoken\verify.js:60:17)
    at authenticate (file:///C:/BLOG%20APP/src/middlewares/auth.js:19:25)
    at Layer.handleRequest (C:\BLOG APP\node_modules\router\lib\layer.js:152:17)
    at next (C:\BLOG APP\node_modules\router\lib\route.js:157:13)
    at Route.dispatch (C:\BLOG APP\node_modules\router\lib\route.js:117:3)
    at handle (C:\BLOG APP\node_modules\router\index.js:435:11)
    at Layer.handleRequest (C:\BLOG APP\node_modules\router\lib\layer.js:152:17)
    at C:\BLOG APP\node_modules\router\index.js:295:15
    at param (C:\BLOG APP\node_modules\router\index.js:600:14)
    at param (C:\BLOG APP\node_modules\router\index.js:610:14)
2025-07-18 00:57:37 [INFO]: Blog fetched successfully.
2025-07-18 00:57:58 [INFO]: Listening to Port. :  5000
2025-07-18 00:57:58 [INFO]: MongoDB Connected.
2025-07-18 00:58:03 [INFO]: Listening to Port. :  5000
2025-07-18 00:58:03 [INFO]: MongoDB Connected.
2025-07-18 01:00:45 [INFO]: Listening to Port. :  5000
2025-07-18 01:00:46 [INFO]: MongoDB Connected.
2025-07-18 01:01:51 [INFO]: Listening to Port. :  5000
2025-07-18 01:01:51 [INFO]: MongoDB Connected.
2025-07-18 01:02:23 [INFO]: Listening to Port. :  5000
2025-07-18 01:02:23 [INFO]: MongoDB Connected.
2025-07-18 01:02:37 [INFO]: Listening to Port. :  5000
2025-07-18 01:02:37 [INFO]: MongoDB Connected.
2025-07-18 01:02:42 [INFO]: Listening to Port. :  5000
2025-07-18 01:02:42 [INFO]: MongoDB Connected.
2025-07-18 01:03:01 [INFO]: Listening to Port. :  5000
2025-07-18 01:03:01 [INFO]: MongoDB Connected.
2025-07-18 01:04:00 [INFO]: Listening to Port. :  5000
2025-07-18 01:04:00 [INFO]: MongoDB Connected.
2025-07-18 01:04:15 [INFO]: Listening to Port. :  5000
2025-07-18 01:04:15 [INFO]: MongoDB Connected.
2025-07-18 01:04:20 [INFO]: Listening to Port. :  5000
2025-07-18 01:04:20 [INFO]: MongoDB Connected.
2025-07-18 01:04:28 [INFO]: Listening to Port. :  5000
2025-07-18 01:04:28 [INFO]: MongoDB Connected.
2025-07-18 01:05:04 [INFO]: Listening to Port. :  5000
2025-07-18 01:05:06 [INFO]: Listening to Port. :  5000
2025-07-18 01:05:06 [INFO]: MongoDB Connected.
2025-07-18 01:05:15 [INFO]: Listening to Port. :  5000
2025-07-18 01:05:15 [INFO]: MongoDB Connected.
2025-07-18 01:05:23 [INFO]: Listening to Port. :  5000
2025-07-18 01:05:23 [INFO]: MongoDB Connected.
2025-07-18 01:05:29 [INFO]: Listening to Port. :  5000
2025-07-18 01:05:29 [INFO]: MongoDB Connected.
2025-07-18 01:05:41 [INFO]: Listening to Port. :  5000
2025-07-18 01:05:41 [INFO]: MongoDB Connected.
2025-07-18 01:05:50 [INFO]: Listening to Port. :  5000
2025-07-18 01:05:51 [INFO]: MongoDB Connected.
2025-07-18 01:06:17 [INFO]: Listening to Port. :  5000
2025-07-18 01:06:17 [INFO]: MongoDB Connected.
2025-07-18 01:06:19 [INFO]: Listening to Port. :  5000
2025-07-18 01:06:19 [INFO]: MongoDB Connected.
2025-07-18 01:06:23 [INFO]: Listening to Port. :  5000
2025-07-18 01:06:23 [INFO]: MongoDB Connected.
2025-07-18 01:06:28 [INFO]: Listening to Port. :  5000
2025-07-18 01:06:28 [INFO]: MongoDB Connected.
2025-07-18 01:09:31 [INFO]: Listening to Port. :  5000
2025-07-18 01:09:31 [INFO]: MongoDB Connected.
2025-07-18 01:09:35 [INFO]: Listening to Port. :  5000
2025-07-18 01:09:35 [INFO]: MongoDB Connected.
2025-07-18 01:09:41 [INFO]: Listening to Port. :  5000
2025-07-18 01:09:41 [INFO]: MongoDB Connected.
2025-07-18 01:09:51 [ERROR]: Authorization header is missing.
2025-07-18 01:09:51 [ERROR]: JsonWebTokenError: jwt must be provided
    at module.exports [as verify] (C:\BLOG APP\node_modules\jsonwebtoken\verify.js:60:17)
    at authenticate (file:///C:/BLOG%20APP/src/middlewares/auth.js:19:25)
    at Layer.handleRequest (C:\BLOG APP\node_modules\router\lib\layer.js:152:17)
    at next (C:\BLOG APP\node_modules\router\lib\route.js:157:13)
    at Route.dispatch (C:\BLOG APP\node_modules\router\lib\route.js:117:3)
    at handle (C:\BLOG APP\node_modules\router\index.js:435:11)
    at Layer.handleRequest (C:\BLOG APP\node_modules\router\lib\layer.js:152:17)
    at C:\BLOG APP\node_modules\router\index.js:295:15
    at param (C:\BLOG APP\node_modules\router\index.js:600:14)
    at param (C:\BLOG APP\node_modules\router\index.js:610:14)
2025-07-18 01:09:59 [ERROR]: TypeError: Cannot destructure property 'title' of 'req.body' as it is undefined.
    at updateBlogController (file:///C:/BLOG%20APP/src/controllers/blogController.js:79:13)
    at Layer.handleRequest (C:\BLOG APP\node_modules\router\lib\layer.js:152:17)
    at next (C:\BLOG APP\node_modules\router\lib\route.js:157:13)
    at authenticate (file:///C:/BLOG%20APP/src/middlewares/auth.js:21:5)
    at Layer.handleRequest (C:\BLOG APP\node_modules\router\lib\layer.js:152:17)
    at next (C:\BLOG APP\node_modules\router\lib\route.js:157:13)
    at Route.dispatch (C:\BLOG APP\node_modules\router\lib\route.js:117:3)
    at handle (C:\BLOG APP\node_modules\router\index.js:435:11)
    at Layer.handleRequest (C:\BLOG APP\node_modules\router\lib\layer.js:152:17)
    at C:\BLOG APP\node_modules\router\index.js:295:15
2025-07-18 01:11:17 [INFO]: Listening to Port. :  5000
2025-07-18 01:11:17 [INFO]: MongoDB Connected.
2025-07-18 01:11:23 [INFO]: Listening to Port. :  5000
2025-07-18 01:11:23 [INFO]: MongoDB Connected.
2025-07-18 01:11:28 [INFO]: Blog updated successfully.
2025-07-18 01:11:35 [INFO]: All blog fetched successfully.
2025-07-18 01:12:16 [INFO]: Listening to Port. :  5000
2025-07-18 01:12:16 [INFO]: MongoDB Connected.
2025-07-18 01:12:35 [INFO]: Listening to Port. :  5000
2025-07-18 01:12:35 [INFO]: MongoDB Connected.
2025-07-18 01:12:53 [INFO]: Listening to Port. :  5000
2025-07-18 01:12:53 [INFO]: MongoDB Connected.
2025-07-18 01:13:21 [INFO]: Listening to Port. :  5000
2025-07-18 01:13:21 [INFO]: MongoDB Connected.
2025-07-18 01:13:24 [INFO]: Listening to Port. :  5000
2025-07-18 01:13:24 [INFO]: MongoDB Connected.
2025-07-18 01:13:27 [INFO]: Listening to Port. :  5000
2025-07-18 01:13:27 [INFO]: MongoDB Connected.
2025-07-18 01:13:48 [INFO]: Listening to Port. :  5000
2025-07-18 01:13:48 [INFO]: MongoDB Connected.
2025-07-18 01:13:56 [INFO]: Listening to Port. :  5000
2025-07-18 01:13:56 [INFO]: MongoDB Connected.
2025-07-18 01:14:12 [INFO]: Listening to Port. :  5000
2025-07-18 01:14:12 [INFO]: MongoDB Connected.
2025-07-18 01:14:19 [INFO]: Listening to Port. :  5000
2025-07-18 01:14:20 [INFO]: MongoDB Connected.
2025-07-18 01:14:30 [INFO]: Listening to Port. :  5000
2025-07-18 01:14:30 [INFO]: MongoDB Connected.
2025-07-18 01:14:34 [INFO]: Listening to Port. :  5000
2025-07-18 01:14:34 [INFO]: MongoDB Connected.
2025-07-18 01:14:38 [INFO]: Listening to Port. :  5000
2025-07-18 01:14:38 [INFO]: MongoDB Connected.
2025-07-18 01:14:44 [INFO]: Listening to Port. :  5000
2025-07-18 01:14:44 [INFO]: MongoDB Connected.
2025-07-18 01:15:01 [INFO]: Listening to Port. :  5000
2025-07-18 01:15:01 [INFO]: MongoDB Connected.
2025-07-18 01:15:07 [INFO]: Listening to Port. :  5000
2025-07-18 01:15:07 [INFO]: MongoDB Connected.
2025-07-18 01:15:16 [INFO]: Listening to Port. :  5000
2025-07-18 01:15:16 [INFO]: MongoDB Connected.
2025-07-18 01:16:40 [INFO]: Listening to Port. :  5000
2025-07-18 01:16:40 [INFO]: MongoDB Connected.
2025-07-18 01:17:04 [ERROR]: Authorization header is missing.
2025-07-18 01:17:04 [ERROR]: JsonWebTokenError: jwt must be provided
    at module.exports [as verify] (C:\BLOG APP\node_modules\jsonwebtoken\verify.js:60:17)
    at authenticate (file:///C:/BLOG%20APP/src/middlewares/auth.js:19:25)
    at Layer.handleRequest (C:\BLOG APP\node_modules\router\lib\layer.js:152:17)
    at next (C:\BLOG APP\node_modules\router\lib\route.js:157:13)
    at Route.dispatch (C:\BLOG APP\node_modules\router\lib\route.js:117:3)
    at handle (C:\BLOG APP\node_modules\router\index.js:435:11)
    at Layer.handleRequest (C:\BLOG APP\node_modules\router\lib\layer.js:152:17)
    at C:\BLOG APP\node_modules\router\index.js:295:15
    at param (C:\BLOG APP\node_modules\router\index.js:600:14)
    at param (C:\BLOG APP\node_modules\router\index.js:610:14)
2025-07-18 01:17:10 [INFO]: Blog deleted successfully. ID: 687944df014312872b827480
2025-07-18 01:22:37 [INFO]: Listening to Port. :  5000
2025-07-18 01:22:37 [INFO]: MongoDB Connected.
2025-07-18 01:23:28 [INFO]: Fetched universities list successfully
2025-07-18 01:24:08 [INFO]: Fetched cat fact successfully
2025-07-18 01:24:52 [INFO]: Fetched cat fact successfully
2025-07-18 01:25:18 [INFO]: Listening to Port. :  5000
2025-07-18 01:25:18 [INFO]: MongoDB Connected.
2025-07-18 01:25:21 [INFO]: Listening to Port. :  5000
2025-07-18 01:25:21 [INFO]: MongoDB Connected.
2025-07-18 01:25:23 [INFO]: Listening to Port. :  5000
2025-07-18 01:25:23 [INFO]: MongoDB Connected.
2025-07-18 01:25:26 [INFO]: Listening to Port. :  5000
2025-07-18 01:25:26 [INFO]: MongoDB Connected.
2025-07-18 01:26:46 [INFO]: Listening to Port. :  5000
2025-07-18 01:26:46 [INFO]: MongoDB Connected.
2025-07-18 01:27:39 [INFO]: Listening to Port. :  5000
2025-07-18 01:27:39 [INFO]: MongoDB Connected.
2025-07-18 01:27:42 [INFO]: Listening to Port. :  5000
2025-07-18 01:27:42 [INFO]: MongoDB Connected.
2025-07-18 01:27:50 [INFO]: Listening to Port. :  5000
2025-07-18 01:27:50 [INFO]: MongoDB Connected.
2025-07-18 01:27:55 [INFO]: Listening to Port. :  5000
2025-07-18 01:27:55 [INFO]: MongoDB Connected.
2025-07-18 01:27:57 [INFO]: Listening to Port. :  5000
2025-07-18 01:27:57 [INFO]: MongoDB Connected.
2025-07-18 01:28:12 [INFO]: Listening to Port. :  5000
2025-07-18 01:28:12 [INFO]: MongoDB Connected.
2025-07-18 01:31:37 [INFO]: Listening to Port. :  5000
2025-07-18 01:31:37 [INFO]: MongoDB Connected.
2025-07-18 01:32:55 [INFO]: Listening to Port. :  5000
2025-07-18 01:32:55 [INFO]: MongoDB Connected.
2025-07-18 01:33:13 [INFO]: Listening to Port. :  5000
2025-07-18 01:33:13 [INFO]: MongoDB Connected.
2025-07-18 01:33:16 [INFO]: Listening to Port. :  5000
2025-07-18 01:33:16 [INFO]: MongoDB Connected.
2025-07-18 01:33:18 [ERROR]: ReferenceError: deleted is not defined
    at file:///C:/BLOG%20APP/src/cron/blogCron.js:8:34
    at Runner.onMatch (C:\BLOG APP\node_modules\node-cron\dist\esm\tasks\inline-scheduled-task.js:69:20)
    at Timeout._onTimeout (C:\BLOG APP\node_modules\node-cron\dist\esm\scheduler\runner.js:70:55)
    at listOnTimeout (node:internal/timers:614:17)
    at process.processTimers (node:internal/timers:549:7)
2025-07-18 01:33:20 [ERROR]: ReferenceError: deleted is not defined
    at file:///C:/BLOG%20APP/src/cron/blogCron.js:8:34
    at Runner.onMatch (C:\BLOG APP\node_modules\node-cron\dist\esm\tasks\inline-scheduled-task.js:69:20)
    at Timeout._onTimeout (C:\BLOG APP\node_modules\node-cron\dist\esm\scheduler\runner.js:70:55)
    at listOnTimeout (node:internal/timers:614:17)
    at process.processTimers (node:internal/timers:549:7)
2025-07-18 01:33:22 [ERROR]: ReferenceError: deleted is not defined
    at file:///C:/BLOG%20APP/src/cron/blogCron.js:8:34
    at Runner.onMatch (C:\BLOG APP\node_modules\node-cron\dist\esm\tasks\inline-scheduled-task.js:69:20)
    at Timeout._onTimeout (C:\BLOG APP\node_modules\node-cron\dist\esm\scheduler\runner.js:70:55)
    at listOnTimeout (node:internal/timers:614:17)
    at process.processTimers (node:internal/timers:549:7)
2025-07-18 01:33:24 [ERROR]: ReferenceError: deleted is not defined
    at file:///C:/BLOG%20APP/src/cron/blogCron.js:8:34
    at Runner.onMatch (C:\BLOG APP\node_modules\node-cron\dist\esm\tasks\inline-scheduled-task.js:69:20)
    at Timeout._onTimeout (C:\BLOG APP\node_modules\node-cron\dist\esm\scheduler\runner.js:70:55)
    at listOnTimeout (node:internal/timers:614:17)
    at process.processTimers (node:internal/timers:549:7)
2025-07-18 01:33:26 [INFO]: Listening to Port. :  5000
2025-07-18 01:33:26 [INFO]: MongoDB Connected.
2025-07-18 01:33:28 [INFO]: Cron: Deleted blog(s) at midnight.
2025-07-18 01:33:30 [INFO]: Cron: Deleted blog(s) at midnight.
2025-07-18 01:33:32 [INFO]: Cron: Deleted blog(s) at midnight.
2025-07-18 01:33:34 [INFO]: Cron: Deleted blog(s) at midnight.
2025-07-18 01:33:36 [INFO]: Cron: Deleted blog(s) at midnight.
2025-07-18 01:36:42 [INFO]: Listening to Port. :  5000
2025-07-18 01:36:42 [INFO]: MongoDB Connected.
