2025-07-17 19:02:40 [ERROR]: ReferenceError: logger is not defined
    at Server.<anonymous> (file:///C:/BLOG%20APP/server.js:24:3)
    at Server.f (C:\BLOG APP\node_modules\once\once.js:25:25)
    at Object.onceWrapper (node:events:621:28)
    at Server.emit (node:events:519:35)
    at emitListeningNT (node:net:1980:10)
    at process.processTicksAndRejections (node:internal/process/task_queues:89:21)
2025-07-17 19:03:00 [ERROR]: ReferenceError: Message is not defined
    at Server.<anonymous> (file:///C:/BLOG%20APP/server.js:25:18)
    at Server.f (C:\BLOG APP\node_modules\once\once.js:25:25)
    at Object.onceWrapper (node:events:621:28)
    at Server.emit (node:events:519:35)
    at emitListeningNT (node:net:1980:10)
    at process.processTicksAndRejections (node:internal/process/task_queues:89:21)
2025-07-17 20:20:56 [ERROR]: ReferenceError: router is not defined
    at file:///C:/BLOG%20APP/server.js:22:17
    at ModuleJob.run (node:internal/modules/esm/module_job:272:25)
    at async onImport.tracePromise.__proto__ (node:internal/modules/esm/loader:580:26)
    at async asyncRunEntryPointWithESMLoader (node:internal/modules/run_main:98:5)
2025-07-17 20:21:16 [ERROR]: ReferenceError: router is not defined
    at file:///C:/BLOG%20APP/server.js:22:18
    at ModuleJob.run (node:internal/modules/esm/module_job:272:25)
    at async onImport.tracePromise.__proto__ (node:internal/modules/esm/loader:580:26)
    at async asyncRunEntryPointWithESMLoader (node:internal/modules/run_main:98:5)
2025-07-17 20:22:16 [ERROR]: ReferenceError: router is not defined
    at file:///C:/BLOG%20APP/server.js:23:18
    at ModuleJob.run (node:internal/modules/esm/module_job:272:25)
    at async onImport.tracePromise.__proto__ (node:internal/modules/esm/loader:580:26)
    at async asyncRunEntryPointWithESMLoader (node:internal/modules/run_main:98:5)
2025-07-17 20:23:54 [ERROR]: ReferenceError: validator is not defined
    at file:///C:/BLOG%20APP/src/routes/userRoute.js:6:25
    at ModuleJob.run (node:internal/modules/esm/module_job:272:25)
    at async onImport.tracePromise.__proto__ (node:internal/modules/esm/loader:580:26)
    at async asyncRunEntryPointWithESMLoader (node:internal/modules/run_main:98:5)
2025-07-17 20:23:59 [ERROR]: ReferenceError: validator is not defined
    at file:///C:/BLOG%20APP/src/routes/userRoute.js:6:25
    at ModuleJob.run (node:internal/modules/esm/module_job:272:25)
    at async onImport.tracePromise.__proto__ (node:internal/modules/esm/loader:580:26)
    at async asyncRunEntryPointWithESMLoader (node:internal/modules/run_main:98:5)
2025-07-17 20:24:03 [ERROR]: ReferenceError: validator is not defined
    at file:///C:/BLOG%20APP/src/routes/userRoute.js:7:25
    at ModuleJob.run (node:internal/modules/esm/module_job:272:25)
    at async onImport.tracePromise.__proto__ (node:internal/modules/esm/loader:580:26)
    at async asyncRunEntryPointWithESMLoader (node:internal/modules/run_main:98:5)
2025-07-17 20:24:12 [ERROR]: ReferenceError: validator is not defined
    at file:///C:/BLOG%20APP/src/routes/userRoute.js:7:25
    at ModuleJob.run (node:internal/modules/esm/module_job:272:25)
    at async onImport.tracePromise.__proto__ (node:internal/modules/esm/loader:580:26)
    at async asyncRunEntryPointWithESMLoader (node:internal/modules/run_main:98:5)
2025-07-17 21:11:41 [ERROR]: ReferenceError: upload is not defined
    at file:///C:/BLOG%20APP/src/routes/userRoute.js:8:26
    at ModuleJob.run (node:internal/modules/esm/module_job:272:25)
    at async onImport.tracePromise.__proto__ (node:internal/modules/esm/loader:580:26)
    at async asyncRunEntryPointWithESMLoader (node:internal/modules/run_main:98:5)
2025-07-17 23:26:10 [ERROR]: ReferenceError: login is not defined
    at file:///C:/BLOG%20APP/src/routes/userRoute.js:10:70
    at ModuleJob.run (node:internal/modules/esm/module_job:272:25)
    at async onImport.tracePromise.__proto__ (node:internal/modules/esm/loader:580:26)
    at async asyncRunEntryPointWithESMLoader (node:internal/modules/run_main:98:5)
2025-07-17 23:26:16 [ERROR]: ReferenceError: login is not defined
    at file:///C:/BLOG%20APP/src/routes/userRoute.js:10:26
    at ModuleJob.run (node:internal/modules/esm/module_job:272:25)
    at async onImport.tracePromise.__proto__ (node:internal/modules/esm/loader:580:26)
    at async asyncRunEntryPointWithESMLoader (node:internal/modules/run_main:98:5)
2025-07-17 23:26:19 [ERROR]: ReferenceError: login is not defined
    at file:///C:/BLOG%20APP/src/routes/userRoute.js:10:23
    at ModuleJob.run (node:internal/modules/esm/module_job:272:25)
    at async onImport.tracePromise.__proto__ (node:internal/modules/esm/loader:580:26)
    at async asyncRunEntryPointWithESMLoader (node:internal/modules/run_main:98:5)
2025-07-18 00:08:01 [ERROR]: ReferenceError: createBlogController is not defined
    at file:///C:/BLOG%20APP/src/routes/blogRoute.js:7:32
    at ModuleJob.run (node:internal/modules/esm/module_job:272:25)
    at async onImport.tracePromise.__proto__ (node:internal/modules/esm/loader:580:26)
    at async asyncRunEntryPointWithESMLoader (node:internal/modules/run_main:98:5)
2025-07-18 00:08:06 [ERROR]: ReferenceError: createBlogController is not defined
    at file:///C:/BLOG%20APP/src/routes/blogRoute.js:7:32
    at ModuleJob.run (node:internal/modules/esm/module_job:272:25)
    at async onImport.tracePromise.__proto__ (node:internal/modules/esm/loader:580:26)
    at async asyncRunEntryPointWithESMLoader (node:internal/modules/run_main:98:5)
2025-07-18 00:08:13 [ERROR]: ReferenceError: createBlogController is not defined
    at file:///C:/BLOG%20APP/src/routes/blogRoute.js:7:32
    at ModuleJob.run (node:internal/modules/esm/module_job:272:25)
    at async onImport.tracePromise.__proto__ (node:internal/modules/esm/loader:580:26)
    at async asyncRunEntryPointWithESMLoader (node:internal/modules/run_main:98:5)
2025-07-18 00:08:15 [ERROR]: ReferenceError: createBlogController is not defined
    at file:///C:/BLOG%20APP/src/routes/blogRoute.js:7:32
    at ModuleJob.run (node:internal/modules/esm/module_job:272:25)
    at async onImport.tracePromise.__proto__ (node:internal/modules/esm/loader:580:26)
    at async asyncRunEntryPointWithESMLoader (node:internal/modules/run_main:98:5)
2025-07-18 00:08:20 [ERROR]: ReferenceError: createBlogController is not defined
    at file:///C:/BLOG%20APP/src/routes/blogRoute.js:7:32
    at ModuleJob.run (node:internal/modules/esm/module_job:272:25)
    at async onImport.tracePromise.__proto__ (node:internal/modules/esm/loader:580:26)
    at async asyncRunEntryPointWithESMLoader (node:internal/modules/run_main:98:5)
2025-07-18 00:12:50 [ERROR]: ReferenceError: authenticate is not defined
    at file:///C:/BLOG%20APP/src/routes/blogRoute.js:8:24
    at ModuleJob.run (node:internal/modules/esm/module_job:272:25)
    at async onImport.tracePromise.__proto__ (node:internal/modules/esm/loader:580:26)
    at async asyncRunEntryPointWithESMLoader (node:internal/modules/run_main:98:5)
2025-07-18 00:24:44 [ERROR]: ReferenceError: async is not defined
    at file:///C:/BLOG%20APP/src/controllers/blogController.js:30:34
    at ModuleJob.run (node:internal/modules/esm/module_job:272:25)
    at async onImport.tracePromise.__proto__ (node:internal/modules/esm/loader:580:26)
    at async asyncRunEntryPointWithESMLoader (node:internal/modules/run_main:98:5)
2025-07-18 00:24:50 [ERROR]: ReferenceError: async is not defined
    at file:///C:/BLOG%20APP/src/controllers/blogController.js:30:34
    at ModuleJob.run (node:internal/modules/esm/module_job:272:25)
    at async onImport.tracePromise.__proto__ (node:internal/modules/esm/loader:580:26)
    at async asyncRunEntryPointWithESMLoader (node:internal/modules/run_main:98:5)
2025-07-18 00:29:41 [ERROR]: ReferenceError: blogValidation is not defined
    at file:///C:/BLOG%20APP/src/routes/blogRoute.js:9:61
    at ModuleJob.run (node:internal/modules/esm/module_job:272:25)
    at async onImport.tracePromise.__proto__ (node:internal/modules/esm/loader:580:26)
    at async asyncRunEntryPointWithESMLoader (node:internal/modules/run_main:98:5)
2025-07-18 00:37:22 [ERROR]: ReferenceError: loginValidation is not defined
    at file:///C:/BLOG%20APP/src/routes/blogRoute.js:11:38
    at ModuleJob.run (node:internal/modules/esm/module_job:272:25)
    at async onImport.tracePromise.__proto__ (node:internal/modules/esm/loader:580:26)
    at async asyncRunEntryPointWithESMLoader (node:internal/modules/run_main:98:5)
2025-07-18 00:37:24 [ERROR]: ReferenceError: loginValidation is not defined
    at file:///C:/BLOG%20APP/src/routes/blogRoute.js:11:50
    at ModuleJob.run (node:internal/modules/esm/module_job:272:25)
    at async onImport.tracePromise.__proto__ (node:internal/modules/esm/loader:580:26)
    at async asyncRunEntryPointWithESMLoader (node:internal/modules/run_main:98:5)
2025-07-18 00:37:27 [ERROR]: ReferenceError: loginValidation is not defined
    at file:///C:/BLOG%20APP/src/routes/blogRoute.js:11:50
    at ModuleJob.run (node:internal/modules/esm/module_job:272:25)
    at async onImport.tracePromise.__proto__ (node:internal/modules/esm/loader:580:26)
    at async asyncRunEntryPointWithESMLoader (node:internal/modules/run_main:98:5)
2025-07-18 00:37:30 [ERROR]: ReferenceError: getBlogController is not defined
    at file:///C:/BLOG%20APP/src/routes/blogRoute.js:11:35
    at ModuleJob.run (node:internal/modules/esm/module_job:272:25)
    at async onImport.tracePromise.__proto__ (node:internal/modules/esm/loader:580:26)
    at async asyncRunEntryPointWithESMLoader (node:internal/modules/run_main:98:5)
2025-07-18 00:56:30 [ERROR]: ReferenceError: getBlogByIdController is not defined
    at file:///C:/BLOG%20APP/src/routes/blogRoute.js:12:33
    at ModuleJob.run (node:internal/modules/esm/module_job:272:25)
    at async onImport.tracePromise.__proto__ (node:internal/modules/esm/loader:580:26)
    at async asyncRunEntryPointWithESMLoader (node:internal/modules/run_main:98:5)
2025-07-18 01:09:39 [ERROR]: ReferenceError: updateBlogController is not defined
    at file:///C:/BLOG%20APP/src/routes/blogRoute.js:13:33
    at ModuleJob.run (node:internal/modules/esm/module_job:272:25)
    at async onImport.tracePromise.__proto__ (node:internal/modules/esm/loader:580:26)
    at async asyncRunEntryPointWithESMLoader (node:internal/modules/run_main:98:5)
2025-07-18 01:15:10 [ERROR]: ReferenceError: deleteBlogController is not defined
    at file:///C:/BLOG%20APP/src/routes/blogRoute.js:14:44
    at ModuleJob.run (node:internal/modules/esm/module_job:272:25)
    at async onImport.tracePromise.__proto__ (node:internal/modules/esm/loader:580:26)
    at async asyncRunEntryPointWithESMLoader (node:internal/modules/run_main:98:5)
2025-07-18 01:31:49 [ERROR]: TypeError: Cannot read properties of undefined (reading 'replace')
    at convertMonthName (C:\BLOG APP\node_modules\node-cron\dist\esm\pattern\convertion\month-names-conversion.js:10:37)
    at interprete (C:\BLOG APP\node_modules\node-cron\dist\esm\pattern\convertion\month-names-conversion.js:15:27)
    at interprete (C:\BLOG APP\node_modules\node-cron\dist\esm\pattern\convertion\index.js:33:63)
    at new TimeMatcher (C:\BLOG APP\node_modules\node-cron\dist\esm\time\time-matcher.js:21:48)
    at new InlineScheduledTask (C:\BLOG APP\node_modules\node-cron\dist\esm\tasks\inline-scheduled-task.js:31:28)
    at createTask (C:\BLOG APP\node_modules\node-cron\dist\esm\node-cron.js:26:16)
    at Object.schedule (C:\BLOG APP\node_modules\node-cron\dist\esm\node-cron.js:19:18)
    at file:///C:/BLOG%20APP/src/cron/blogCron.js:5:6
    at ModuleJob.run (node:internal/modules/esm/module_job:272:25)
    at async onImport.tracePromise.__proto__ (node:internal/modules/esm/loader:580:26)
2025-07-18 01:31:51 [ERROR]: TypeError: Cannot read properties of undefined (reading 'replace')
    at convertMonthName (C:\BLOG APP\node_modules\node-cron\dist\esm\pattern\convertion\month-names-conversion.js:10:37)
    at interprete (C:\BLOG APP\node_modules\node-cron\dist\esm\pattern\convertion\month-names-conversion.js:15:27)
    at interprete (C:\BLOG APP\node_modules\node-cron\dist\esm\pattern\convertion\index.js:33:63)
    at new TimeMatcher (C:\BLOG APP\node_modules\node-cron\dist\esm\time\time-matcher.js:21:48)
    at new InlineScheduledTask (C:\BLOG APP\node_modules\node-cron\dist\esm\tasks\inline-scheduled-task.js:31:28)
    at createTask (C:\BLOG APP\node_modules\node-cron\dist\esm\node-cron.js:26:16)
    at Object.schedule (C:\BLOG APP\node_modules\node-cron\dist\esm\node-cron.js:19:18)
    at file:///C:/BLOG%20APP/src/cron/blogCron.js:5:6
    at ModuleJob.run (node:internal/modules/esm/module_job:272:25)
    at async onImport.tracePromise.__proto__ (node:internal/modules/esm/loader:580:26)
2025-07-18 01:31:53 [ERROR]: TypeError: Cannot read properties of undefined (reading 'replace')
    at convertMonthName (C:\BLOG APP\node_modules\node-cron\dist\esm\pattern\convertion\month-names-conversion.js:10:37)
    at interprete (C:\BLOG APP\node_modules\node-cron\dist\esm\pattern\convertion\month-names-conversion.js:15:27)
    at interprete (C:\BLOG APP\node_modules\node-cron\dist\esm\pattern\convertion\index.js:33:63)
    at new TimeMatcher (C:\BLOG APP\node_modules\node-cron\dist\esm\time\time-matcher.js:21:48)
    at new InlineScheduledTask (C:\BLOG APP\node_modules\node-cron\dist\esm\tasks\inline-scheduled-task.js:31:28)
    at createTask (C:\BLOG APP\node_modules\node-cron\dist\esm\node-cron.js:26:16)
    at Object.schedule (C:\BLOG APP\node_modules\node-cron\dist\esm\node-cron.js:19:18)
    at file:///C:/BLOG%20APP/src/cron/blogCron.js:5:6
    at ModuleJob.run (node:internal/modules/esm/module_job:272:25)
    at async onImport.tracePromise.__proto__ (node:internal/modules/esm/loader:580:26)
2025-07-18 01:31:55 [ERROR]: TypeError: Cannot read properties of undefined (reading 'replace')
    at convertMonthName (C:\BLOG APP\node_modules\node-cron\dist\esm\pattern\convertion\month-names-conversion.js:10:37)
    at interprete (C:\BLOG APP\node_modules\node-cron\dist\esm\pattern\convertion\month-names-conversion.js:15:27)
    at interprete (C:\BLOG APP\node_modules\node-cron\dist\esm\pattern\convertion\index.js:33:63)
    at new TimeMatcher (C:\BLOG APP\node_modules\node-cron\dist\esm\time\time-matcher.js:21:48)
    at new InlineScheduledTask (C:\BLOG APP\node_modules\node-cron\dist\esm\tasks\inline-scheduled-task.js:31:28)
    at createTask (C:\BLOG APP\node_modules\node-cron\dist\esm\node-cron.js:26:16)
    at Object.schedule (C:\BLOG APP\node_modules\node-cron\dist\esm\node-cron.js:19:18)
    at file:///C:/BLOG%20APP/src/cron/blogCron.js:5:6
    at ModuleJob.run (node:internal/modules/esm/module_job:272:25)
    at async onImport.tracePromise.__proto__ (node:internal/modules/esm/loader:580:26)
2025-07-18 01:31:57 [ERROR]: RangeError: Invalid time value
    at DateTimeFormat.formatToParts (<anonymous>)
    at buildDateParts (C:\BLOG APP\node_modules\node-cron\dist\esm\time\localized-time.js:51:30)
    at LocalizedTime.set (C:\BLOG APP\node_modules\node-cron\dist\esm\time\localized-time.js:32:22)
    at findNextDateIgnoringWeekday (C:\BLOG APP\node_modules\node-cron\dist\esm\time\matcher-walker.js:52:18)
    at MatcherWalker.matchNext (C:\BLOG APP\node_modules\node-cron\dist\esm\time\matcher-walker.js:83:22)
    at TimeMatcher.getNextMatch (C:\BLOG APP\node_modules\node-cron\dist\esm\time\time-matcher.js:36:29)
    at getDelay (C:\BLOG APP\node_modules\node-cron\dist\esm\scheduler\runner.js:179:33)
    at Runner.start (C:\BLOG APP\node_modules\node-cron\dist\esm\scheduler\runner.js:126:12)
    at InlineScheduledTask.start (C:\BLOG APP\node_modules\node-cron\dist\esm\tasks\inline-scheduled-task.js:85:25)
    at Object.schedule (C:\BLOG APP\node_modules\node-cron\dist\esm\node-cron.js:20:10)
2025-07-18 01:31:58 [ERROR]: RangeError: Invalid time value
    at DateTimeFormat.formatToParts (<anonymous>)
    at buildDateParts (C:\BLOG APP\node_modules\node-cron\dist\esm\time\localized-time.js:51:30)
    at LocalizedTime.set (C:\BLOG APP\node_modules\node-cron\dist\esm\time\localized-time.js:32:22)
    at findNextDateIgnoringWeekday (C:\BLOG APP\node_modules\node-cron\dist\esm\time\matcher-walker.js:52:18)
    at MatcherWalker.matchNext (C:\BLOG APP\node_modules\node-cron\dist\esm\time\matcher-walker.js:83:22)
    at TimeMatcher.getNextMatch (C:\BLOG APP\node_modules\node-cron\dist\esm\time\time-matcher.js:36:29)
    at getDelay (C:\BLOG APP\node_modules\node-cron\dist\esm\scheduler\runner.js:179:33)
    at Runner.start (C:\BLOG APP\node_modules\node-cron\dist\esm\scheduler\runner.js:126:12)
    at InlineScheduledTask.start (C:\BLOG APP\node_modules\node-cron\dist\esm\tasks\inline-scheduled-task.js:85:25)
    at Object.schedule (C:\BLOG APP\node_modules\node-cron\dist\esm\node-cron.js:20:10)
2025-07-18 01:32:00 [ERROR]: RangeError: Invalid time value
    at DateTimeFormat.formatToParts (<anonymous>)
    at buildDateParts (C:\BLOG APP\node_modules\node-cron\dist\esm\time\localized-time.js:51:30)
    at LocalizedTime.set (C:\BLOG APP\node_modules\node-cron\dist\esm\time\localized-time.js:32:22)
    at findNextDateIgnoringWeekday (C:\BLOG APP\node_modules\node-cron\dist\esm\time\matcher-walker.js:43:18)
    at MatcherWalker.matchNext (C:\BLOG APP\node_modules\node-cron\dist\esm\time\matcher-walker.js:83:22)
    at TimeMatcher.getNextMatch (C:\BLOG APP\node_modules\node-cron\dist\esm\time\time-matcher.js:36:29)
    at getDelay (C:\BLOG APP\node_modules\node-cron\dist\esm\scheduler\runner.js:179:33)
    at Runner.start (C:\BLOG APP\node_modules\node-cron\dist\esm\scheduler\runner.js:126:12)
    at InlineScheduledTask.start (C:\BLOG APP\node_modules\node-cron\dist\esm\tasks\inline-scheduled-task.js:85:25)
    at Object.schedule (C:\BLOG APP\node_modules\node-cron\dist\esm\node-cron.js:20:10)
2025-07-18 01:32:02 [ERROR]: RangeError: Invalid time value
    at DateTimeFormat.formatToParts (<anonymous>)
    at buildDateParts (C:\BLOG APP\node_modules\node-cron\dist\esm\time\localized-time.js:51:30)
    at LocalizedTime.set (C:\BLOG APP\node_modules\node-cron\dist\esm\time\localized-time.js:32:22)
    at findNextDateIgnoringWeekday (C:\BLOG APP\node_modules\node-cron\dist\esm\time\matcher-walker.js:43:18)
    at MatcherWalker.matchNext (C:\BLOG APP\node_modules\node-cron\dist\esm\time\matcher-walker.js:83:22)
    at TimeMatcher.getNextMatch (C:\BLOG APP\node_modules\node-cron\dist\esm\time\time-matcher.js:36:29)
    at getDelay (C:\BLOG APP\node_modules\node-cron\dist\esm\scheduler\runner.js:179:33)
    at Runner.start (C:\BLOG APP\node_modules\node-cron\dist\esm\scheduler\runner.js:126:12)
    at InlineScheduledTask.start (C:\BLOG APP\node_modules\node-cron\dist\esm\tasks\inline-scheduled-task.js:85:25)
    at Object.schedule (C:\BLOG APP\node_modules\node-cron\dist\esm\node-cron.js:20:10)
2025-07-18 01:32:09 [ERROR]: RangeError: Invalid time value
    at DateTimeFormat.formatToParts (<anonymous>)
    at buildDateParts (C:\BLOG APP\node_modules\node-cron\dist\esm\time\localized-time.js:51:30)
    at LocalizedTime.set (C:\BLOG APP\node_modules\node-cron\dist\esm\time\localized-time.js:32:22)
    at findNextDateIgnoringWeekday (C:\BLOG APP\node_modules\node-cron\dist\esm\time\matcher-walker.js:43:18)
    at MatcherWalker.matchNext (C:\BLOG APP\node_modules\node-cron\dist\esm\time\matcher-walker.js:83:22)
    at TimeMatcher.getNextMatch (C:\BLOG APP\node_modules\node-cron\dist\esm\time\time-matcher.js:36:29)
    at getDelay (C:\BLOG APP\node_modules\node-cron\dist\esm\scheduler\runner.js:179:33)
    at Runner.start (C:\BLOG APP\node_modules\node-cron\dist\esm\scheduler\runner.js:126:12)
    at InlineScheduledTask.start (C:\BLOG APP\node_modules\node-cron\dist\esm\tasks\inline-scheduled-task.js:85:25)
    at Object.schedule (C:\BLOG APP\node_modules\node-cron\dist\esm\node-cron.js:20:10)
2025-07-18 01:32:49 [ERROR]: RangeError: Invalid time value
    at DateTimeFormat.formatToParts (<anonymous>)
    at buildDateParts (C:\BLOG APP\node_modules\node-cron\dist\esm\time\localized-time.js:51:30)
    at LocalizedTime.set (C:\BLOG APP\node_modules\node-cron\dist\esm\time\localized-time.js:32:22)
    at findNextDateIgnoringWeekday (C:\BLOG APP\node_modules\node-cron\dist\esm\time\matcher-walker.js:52:18)
    at MatcherWalker.matchNext (C:\BLOG APP\node_modules\node-cron\dist\esm\time\matcher-walker.js:83:22)
    at TimeMatcher.getNextMatch (C:\BLOG APP\node_modules\node-cron\dist\esm\time\time-matcher.js:36:29)
    at getDelay (C:\BLOG APP\node_modules\node-cron\dist\esm\scheduler\runner.js:179:33)
    at Runner.start (C:\BLOG APP\node_modules\node-cron\dist\esm\scheduler\runner.js:126:12)
    at InlineScheduledTask.start (C:\BLOG APP\node_modules\node-cron\dist\esm\tasks\inline-scheduled-task.js:85:25)
    at Object.schedule (C:\BLOG APP\node_modules\node-cron\dist\esm\node-cron.js:20:10)
